{"D:\\Project\\Banka\\server\\test\\1-users.js":{"path":"D:\\Project\\Banka\\server\\test\\1-users.js","statementMap":{"0":{"start":{"line":3,"column":12},"end":{"line":3,"column":51}},"1":{"start":{"line":5,"column":16},"end":{"line":5,"column":60}},"2":{"start":{"line":7,"column":13},"end":{"line":7,"column":56}},"3":{"start":{"line":9,"column":13},"end":{"line":9,"column":42}},"4":{"start":{"line":11,"column":39},"end":{"line":11,"column":95}},"5":{"start":{"line":13,"column":0},"end":{"line":13,"column":43}},"6":{"start":{"line":15,"column":0},"end":{"line":15,"column":26}},"7":{"start":{"line":17,"column":0},"end":{"line":122,"column":3}},"8":{"start":{"line":18,"column":2},"end":{"line":30,"column":5}},"9":{"start":{"line":19,"column":4},"end":{"line":29,"column":7}},"10":{"start":{"line":20,"column":6},"end":{"line":22,"column":7}},"11":{"start":{"line":21,"column":8},"end":{"line":21,"column":20}},"12":{"start":{"line":24,"column":6},"end":{"line":24,"column":34}},"13":{"start":{"line":25,"column":6},"end":{"line":25,"column":47}},"14":{"start":{"line":26,"column":6},"end":{"line":26,"column":45}},"15":{"start":{"line":27,"column":6},"end":{"line":27,"column":44}},"16":{"start":{"line":28,"column":6},"end":{"line":28,"column":13}},"17":{"start":{"line":32,"column":2},"end":{"line":43,"column":5}},"18":{"start":{"line":33,"column":4},"end":{"line":42,"column":7}},"19":{"start":{"line":34,"column":6},"end":{"line":36,"column":7}},"20":{"start":{"line":35,"column":8},"end":{"line":35,"column":20}},"21":{"start":{"line":38,"column":6},"end":{"line":38,"column":34}},"22":{"start":{"line":39,"column":6},"end":{"line":39,"column":45}},"23":{"start":{"line":40,"column":6},"end":{"line":40,"column":46}},"24":{"start":{"line":41,"column":6},"end":{"line":41,"column":13}},"25":{"start":{"line":45,"column":2},"end":{"line":56,"column":5}},"26":{"start":{"line":46,"column":4},"end":{"line":55,"column":7}},"27":{"start":{"line":47,"column":6},"end":{"line":49,"column":7}},"28":{"start":{"line":48,"column":8},"end":{"line":48,"column":20}},"29":{"start":{"line":51,"column":6},"end":{"line":51,"column":34}},"30":{"start":{"line":52,"column":6},"end":{"line":52,"column":45}},"31":{"start":{"line":53,"column":6},"end":{"line":53,"column":46}},"32":{"start":{"line":54,"column":6},"end":{"line":54,"column":13}},"33":{"start":{"line":58,"column":2},"end":{"line":70,"column":5}},"34":{"start":{"line":59,"column":4},"end":{"line":69,"column":7}},"35":{"start":{"line":60,"column":6},"end":{"line":62,"column":7}},"36":{"start":{"line":61,"column":8},"end":{"line":61,"column":20}},"37":{"start":{"line":64,"column":6},"end":{"line":64,"column":34}},"38":{"start":{"line":65,"column":6},"end":{"line":65,"column":45}},"39":{"start":{"line":66,"column":6},"end":{"line":66,"column":44}},"40":{"start":{"line":67,"column":6},"end":{"line":67,"column":46}},"41":{"start":{"line":68,"column":6},"end":{"line":68,"column":13}},"42":{"start":{"line":72,"column":2},"end":{"line":82,"column":5}},"43":{"start":{"line":73,"column":4},"end":{"line":81,"column":7}},"44":{"start":{"line":74,"column":6},"end":{"line":76,"column":7}},"45":{"start":{"line":75,"column":8},"end":{"line":75,"column":20}},"46":{"start":{"line":78,"column":6},"end":{"line":78,"column":34}},"47":{"start":{"line":79,"column":6},"end":{"line":79,"column":45}},"48":{"start":{"line":80,"column":6},"end":{"line":80,"column":13}},"49":{"start":{"line":84,"column":2},"end":{"line":95,"column":5}},"50":{"start":{"line":85,"column":4},"end":{"line":94,"column":7}},"51":{"start":{"line":86,"column":6},"end":{"line":88,"column":7}},"52":{"start":{"line":87,"column":8},"end":{"line":87,"column":20}},"53":{"start":{"line":90,"column":6},"end":{"line":90,"column":34}},"54":{"start":{"line":91,"column":6},"end":{"line":91,"column":45}},"55":{"start":{"line":92,"column":6},"end":{"line":92,"column":46}},"56":{"start":{"line":93,"column":6},"end":{"line":93,"column":13}},"57":{"start":{"line":97,"column":2},"end":{"line":108,"column":5}},"58":{"start":{"line":98,"column":4},"end":{"line":107,"column":7}},"59":{"start":{"line":99,"column":6},"end":{"line":101,"column":7}},"60":{"start":{"line":100,"column":8},"end":{"line":100,"column":20}},"61":{"start":{"line":103,"column":6},"end":{"line":103,"column":34}},"62":{"start":{"line":104,"column":6},"end":{"line":104,"column":45}},"63":{"start":{"line":105,"column":6},"end":{"line":105,"column":46}},"64":{"start":{"line":106,"column":6},"end":{"line":106,"column":13}},"65":{"start":{"line":110,"column":2},"end":{"line":121,"column":5}},"66":{"start":{"line":111,"column":4},"end":{"line":120,"column":7}},"67":{"start":{"line":112,"column":6},"end":{"line":114,"column":7}},"68":{"start":{"line":113,"column":8},"end":{"line":113,"column":20}},"69":{"start":{"line":116,"column":6},"end":{"line":116,"column":34}},"70":{"start":{"line":117,"column":6},"end":{"line":117,"column":45}},"71":{"start":{"line":118,"column":6},"end":{"line":118,"column":46}},"72":{"start":{"line":119,"column":6},"end":{"line":119,"column":13}}},"fnMap":{"0":{"name":"_interopRequireDefault","decl":{"start":{"line":11,"column":9},"end":{"line":11,"column":31}},"loc":{"start":{"line":11,"column":37},"end":{"line":11,"column":97}},"line":11},"1":{"name":"(anonymous_1)","decl":{"start":{"line":17,"column":17},"end":{"line":17,"column":18}},"loc":{"start":{"line":17,"column":29},"end":{"line":122,"column":1}},"line":17},"2":{"name":"(anonymous_2)","decl":{"start":{"line":18,"column":52},"end":{"line":18,"column":53}},"loc":{"start":{"line":18,"column":68},"end":{"line":30,"column":3}},"line":18},"3":{"name":"(anonymous_3)","decl":{"start":{"line":19,"column":135},"end":{"line":19,"column":136}},"loc":{"start":{"line":19,"column":157},"end":{"line":29,"column":5}},"line":19},"4":{"name":"(anonymous_4)","decl":{"start":{"line":32,"column":56},"end":{"line":32,"column":57}},"loc":{"start":{"line":32,"column":72},"end":{"line":43,"column":3}},"line":32},"5":{"name":"(anonymous_5)","decl":{"start":{"line":33,"column":115},"end":{"line":33,"column":116}},"loc":{"start":{"line":33,"column":137},"end":{"line":42,"column":5}},"line":33},"6":{"name":"(anonymous_6)","decl":{"start":{"line":45,"column":59},"end":{"line":45,"column":60}},"loc":{"start":{"line":45,"column":75},"end":{"line":56,"column":3}},"line":45},"7":{"name":"(anonymous_7)","decl":{"start":{"line":46,"column":145},"end":{"line":46,"column":146}},"loc":{"start":{"line":46,"column":167},"end":{"line":55,"column":5}},"line":46},"8":{"name":"(anonymous_8)","decl":{"start":{"line":58,"column":56},"end":{"line":58,"column":57}},"loc":{"start":{"line":58,"column":72},"end":{"line":70,"column":3}},"line":58},"9":{"name":"(anonymous_9)","decl":{"start":{"line":59,"column":134},"end":{"line":59,"column":135}},"loc":{"start":{"line":59,"column":156},"end":{"line":69,"column":5}},"line":59},"10":{"name":"(anonymous_10)","decl":{"start":{"line":72,"column":36},"end":{"line":72,"column":37}},"loc":{"start":{"line":72,"column":52},"end":{"line":82,"column":3}},"line":72},"11":{"name":"(anonymous_11)","decl":{"start":{"line":73,"column":139},"end":{"line":73,"column":140}},"loc":{"start":{"line":73,"column":161},"end":{"line":81,"column":5}},"line":73},"12":{"name":"(anonymous_12)","decl":{"start":{"line":84,"column":56},"end":{"line":84,"column":57}},"loc":{"start":{"line":84,"column":72},"end":{"line":95,"column":3}},"line":84},"13":{"name":"(anonymous_13)","decl":{"start":{"line":85,"column":142},"end":{"line":85,"column":143}},"loc":{"start":{"line":85,"column":164},"end":{"line":94,"column":5}},"line":85},"14":{"name":"(anonymous_14)","decl":{"start":{"line":97,"column":70},"end":{"line":97,"column":71}},"loc":{"start":{"line":97,"column":86},"end":{"line":108,"column":3}},"line":97},"15":{"name":"(anonymous_15)","decl":{"start":{"line":98,"column":145},"end":{"line":98,"column":146}},"loc":{"start":{"line":98,"column":167},"end":{"line":107,"column":5}},"line":98},"16":{"name":"(anonymous_16)","decl":{"start":{"line":110,"column":61},"end":{"line":110,"column":62}},"loc":{"start":{"line":110,"column":77},"end":{"line":121,"column":3}},"line":110},"17":{"name":"(anonymous_17)","decl":{"start":{"line":111,"column":115},"end":{"line":111,"column":116}},"loc":{"start":{"line":111,"column":137},"end":{"line":120,"column":5}},"line":111}},"branchMap":{"0":{"loc":{"start":{"line":11,"column":46},"end":{"line":11,"column":94}},"type":"cond-expr","locations":[{"start":{"line":11,"column":70},"end":{"line":11,"column":73}},{"start":{"line":11,"column":76},"end":{"line":11,"column":94}}],"line":11},"1":{"loc":{"start":{"line":11,"column":46},"end":{"line":11,"column":67}},"type":"binary-expr","locations":[{"start":{"line":11,"column":46},"end":{"line":11,"column":49}},{"start":{"line":11,"column":53},"end":{"line":11,"column":67}}],"line":11},"2":{"loc":{"start":{"line":20,"column":6},"end":{"line":22,"column":7}},"type":"if","locations":[{"start":{"line":20,"column":6},"end":{"line":22,"column":7}},{"start":{"line":20,"column":6},"end":{"line":22,"column":7}}],"line":20},"3":{"loc":{"start":{"line":34,"column":6},"end":{"line":36,"column":7}},"type":"if","locations":[{"start":{"line":34,"column":6},"end":{"line":36,"column":7}},{"start":{"line":34,"column":6},"end":{"line":36,"column":7}}],"line":34},"4":{"loc":{"start":{"line":47,"column":6},"end":{"line":49,"column":7}},"type":"if","locations":[{"start":{"line":47,"column":6},"end":{"line":49,"column":7}},{"start":{"line":47,"column":6},"end":{"line":49,"column":7}}],"line":47},"5":{"loc":{"start":{"line":60,"column":6},"end":{"line":62,"column":7}},"type":"if","locations":[{"start":{"line":60,"column":6},"end":{"line":62,"column":7}},{"start":{"line":60,"column":6},"end":{"line":62,"column":7}}],"line":60},"6":{"loc":{"start":{"line":74,"column":6},"end":{"line":76,"column":7}},"type":"if","locations":[{"start":{"line":74,"column":6},"end":{"line":76,"column":7}},{"start":{"line":74,"column":6},"end":{"line":76,"column":7}}],"line":74},"7":{"loc":{"start":{"line":86,"column":6},"end":{"line":88,"column":7}},"type":"if","locations":[{"start":{"line":86,"column":6},"end":{"line":88,"column":7}},{"start":{"line":86,"column":6},"end":{"line":88,"column":7}}],"line":86},"8":{"loc":{"start":{"line":99,"column":6},"end":{"line":101,"column":7}},"type":"if","locations":[{"start":{"line":99,"column":6},"end":{"line":101,"column":7}},{"start":{"line":99,"column":6},"end":{"line":101,"column":7}}],"line":99},"9":{"loc":{"start":{"line":112,"column":6},"end":{"line":114,"column":7}},"type":"if","locations":[{"start":{"line":112,"column":6},"end":{"line":114,"column":7}},{"start":{"line":112,"column":6},"end":{"line":114,"column":7}}],"line":112}},"s":{"0":1,"1":1,"2":1,"3":1,"4":3,"5":1,"6":1,"7":1,"8":1,"9":1,"10":1,"11":0,"12":1,"13":1,"14":1,"15":1,"16":1,"17":1,"18":1,"19":1,"20":0,"21":1,"22":1,"23":1,"24":1,"25":1,"26":1,"27":1,"28":0,"29":1,"30":1,"31":1,"32":1,"33":1,"34":1,"35":1,"36":0,"37":1,"38":1,"39":1,"40":1,"41":1,"42":1,"43":1,"44":1,"45":0,"46":1,"47":1,"48":1,"49":1,"50":1,"51":1,"52":0,"53":1,"54":1,"55":1,"56":1,"57":1,"58":1,"59":1,"60":0,"61":1,"62":1,"63":1,"64":1,"65":1,"66":1,"67":1,"68":0,"69":1,"70":1,"71":1,"72":1},"f":{"0":3,"1":1,"2":1,"3":1,"4":1,"5":1,"6":1,"7":1,"8":1,"9":1,"10":1,"11":1,"12":1,"13":1,"14":1,"15":1,"16":1,"17":1},"b":{"0":[1,2],"1":[3,3],"2":[0,1],"3":[0,1],"4":[0,1],"5":[0,1],"6":[0,1],"7":[0,1],"8":[0,1],"9":[0,1]},"_coverageSchema":"43e27e138ebf9cfc5966b082cf9a028302ed4184","hash":"02f3395f05dedb461277e9a624c18cc43cac0da6","contentHash":"1021e5373763eddf46d87bcc05dc9097914643e3e38482f277138d884bfc4f0e"},"D:\\Project\\Banka\\server\\index.js":{"path":"D:\\Project\\Banka\\server\\index.js","statementMap":{"0":{"start":{"line":3,"column":0},"end":{"line":5,"column":3}},"1":{"start":{"line":6,"column":0},"end":{"line":6,"column":28}},"2":{"start":{"line":8,"column":15},"end":{"line":8,"column":57}},"3":{"start":{"line":10,"column":13},"end":{"line":10,"column":62}},"4":{"start":{"line":12,"column":16},"end":{"line":12,"column":68}},"5":{"start":{"line":14,"column":39},"end":{"line":14,"column":95}},"6":{"start":{"line":16,"column":10},"end":{"line":16,"column":36}},"7":{"start":{"line":17,"column":0},"end":{"line":19,"column":4}},"8":{"start":{"line":20,"column":0},"end":{"line":20,"column":36}},"9":{"start":{"line":21,"column":0},"end":{"line":23,"column":3}},"10":{"start":{"line":22,"column":2},"end":{"line":22,"column":31}},"11":{"start":{"line":24,"column":0},"end":{"line":24,"column":38}},"12":{"start":{"line":25,"column":0},"end":{"line":25,"column":41}},"13":{"start":{"line":26,"column":11},"end":{"line":26,"column":35}},"14":{"start":{"line":27,"column":0},"end":{"line":29,"column":3}},"15":{"start":{"line":28,"column":2},"end":{"line":28,"column":56}},"16":{"start":{"line":30,"column":15},"end":{"line":30,"column":18}},"17":{"start":{"line":31,"column":0},"end":{"line":31,"column":30}}},"fnMap":{"0":{"name":"_interopRequireDefault","decl":{"start":{"line":14,"column":9},"end":{"line":14,"column":31}},"loc":{"start":{"line":14,"column":37},"end":{"line":14,"column":97}},"line":14},"1":{"name":"(anonymous_1)","decl":{"start":{"line":21,"column":13},"end":{"line":21,"column":14}},"loc":{"start":{"line":21,"column":33},"end":{"line":23,"column":1}},"line":21},"2":{"name":"(anonymous_2)","decl":{"start":{"line":27,"column":17},"end":{"line":27,"column":18}},"loc":{"start":{"line":27,"column":29},"end":{"line":29,"column":1}},"line":27}},"branchMap":{"0":{"loc":{"start":{"line":14,"column":46},"end":{"line":14,"column":94}},"type":"cond-expr","locations":[{"start":{"line":14,"column":70},"end":{"line":14,"column":73}},{"start":{"line":14,"column":76},"end":{"line":14,"column":94}}],"line":14},"1":{"loc":{"start":{"line":14,"column":46},"end":{"line":14,"column":67}},"type":"binary-expr","locations":[{"start":{"line":14,"column":46},"end":{"line":14,"column":49}},{"start":{"line":14,"column":53},"end":{"line":14,"column":67}}],"line":14},"2":{"loc":{"start":{"line":26,"column":11},"end":{"line":26,"column":35}},"type":"binary-expr","locations":[{"start":{"line":26,"column":11},"end":{"line":26,"column":27}},{"start":{"line":26,"column":31},"end":{"line":26,"column":35}}],"line":26}},"s":{"0":1,"1":1,"2":1,"3":1,"4":1,"5":3,"6":1,"7":1,"8":1,"9":1,"10":0,"11":1,"12":1,"13":1,"14":1,"15":1,"16":1,"17":1},"f":{"0":3,"1":0,"2":1},"b":{"0":[2,1],"1":[3,3],"2":[1,1]},"_coverageSchema":"43e27e138ebf9cfc5966b082cf9a028302ed4184","hash":"de71ff97f156e654775438b490a21bc4a13cb903","contentHash":"92471a8a451d0e1144c2e69377655f2b5bc69264c2b0cee153e917514854e905"},"D:\\Project\\Banka\\server\\routes\\users.js":{"path":"D:\\Project\\Banka\\server\\routes\\users.js","statementMap":{"0":{"start":{"line":3,"column":0},"end":{"line":5,"column":3}},"1":{"start":{"line":6,"column":0},"end":{"line":6,"column":28}},"2":{"start":{"line":8,"column":15},"end":{"line":8,"column":57}},"3":{"start":{"line":10,"column":13},"end":{"line":10,"column":68}},"4":{"start":{"line":12,"column":39},"end":{"line":12,"column":95}},"5":{"start":{"line":14,"column":10},"end":{"line":14,"column":38}},"6":{"start":{"line":17,"column":0},"end":{"line":17,"column":46}},"7":{"start":{"line":19,"column":0},"end":{"line":19,"column":46}},"8":{"start":{"line":20,"column":15},"end":{"line":20,"column":18}},"9":{"start":{"line":21,"column":0},"end":{"line":21,"column":30}}},"fnMap":{"0":{"name":"_interopRequireDefault","decl":{"start":{"line":12,"column":9},"end":{"line":12,"column":31}},"loc":{"start":{"line":12,"column":37},"end":{"line":12,"column":97}},"line":12}},"branchMap":{"0":{"loc":{"start":{"line":12,"column":46},"end":{"line":12,"column":94}},"type":"cond-expr","locations":[{"start":{"line":12,"column":70},"end":{"line":12,"column":73}},{"start":{"line":12,"column":76},"end":{"line":12,"column":94}}],"line":12},"1":{"loc":{"start":{"line":12,"column":46},"end":{"line":12,"column":67}},"type":"binary-expr","locations":[{"start":{"line":12,"column":46},"end":{"line":12,"column":49}},{"start":{"line":12,"column":53},"end":{"line":12,"column":67}}],"line":12}},"s":{"0":1,"1":1,"2":1,"3":1,"4":2,"5":1,"6":1,"7":1,"8":1,"9":1},"f":{"0":2},"b":{"0":[0,2],"1":[2,2]},"_coverageSchema":"43e27e138ebf9cfc5966b082cf9a028302ed4184","hash":"1d08c6d6d7a84eb54de01ffe4810ac613693db63","contentHash":"6b26025af0006f7c76fda096d1ba51532485603de5e8eefe6554c9dceb188342"},"D:\\Project\\Banka\\server\\controllers\\users.js":{"path":"D:\\Project\\Banka\\server\\controllers\\users.js","statementMap":{"0":{"start":{"line":3,"column":12},"end":{"line":3,"column":51}},"1":{"start":{"line":5,"column":13},"end":{"line":5,"column":63}},"2":{"start":{"line":7,"column":16},"end":{"line":7,"column":59}},"3":{"start":{"line":9,"column":20},"end":{"line":9,"column":67}},"4":{"start":{"line":11,"column":12},"end":{"line":11,"column":61}},"5":{"start":{"line":13,"column":39},"end":{"line":13,"column":95}},"6":{"start":{"line":15,"column":0},"end":{"line":69,"column":2}},"7":{"start":{"line":17,"column":2},"end":{"line":68,"column":3}},"8":{"start":{"line":18,"column":4},"end":{"line":21,"column":7}},"9":{"start":{"line":24,"column":18},"end":{"line":32,"column":5}},"10":{"start":{"line":34,"column":15},"end":{"line":34,"column":48}},"11":{"start":{"line":36,"column":4},"end":{"line":67,"column":5}},"12":{"start":{"line":37,"column":20},"end":{"line":40,"column":7}},"13":{"start":{"line":42,"column":6},"end":{"line":61,"column":9}},"14":{"start":{"line":45,"column":8},"end":{"line":47,"column":9}},"15":{"start":{"line":46,"column":10},"end":{"line":46,"column":27}},"16":{"start":{"line":49,"column":8},"end":{"line":60,"column":11}},"17":{"start":{"line":63,"column":6},"end":{"line":66,"column":9}},"18":{"start":{"line":72,"column":0},"end":{"line":127,"column":2}},"19":{"start":{"line":74,"column":2},"end":{"line":79,"column":3}},"20":{"start":{"line":75,"column":4},"end":{"line":78,"column":7}},"21":{"start":{"line":82,"column":13},"end":{"line":82,"column":51}},"22":{"start":{"line":84,"column":2},"end":{"line":126,"column":3}},"23":{"start":{"line":86,"column":4},"end":{"line":121,"column":7}},"24":{"start":{"line":87,"column":6},"end":{"line":92,"column":7}},"25":{"start":{"line":88,"column":8},"end":{"line":91,"column":11}},"26":{"start":{"line":94,"column":6},"end":{"line":120,"column":7}},"27":{"start":{"line":95,"column":8},"end":{"line":98,"column":11}},"28":{"start":{"line":100,"column":22},"end":{"line":103,"column":9}},"29":{"start":{"line":105,"column":8},"end":{"line":119,"column":11}},"30":{"start":{"line":108,"column":10},"end":{"line":110,"column":11}},"31":{"start":{"line":109,"column":12},"end":{"line":109,"column":29}},"32":{"start":{"line":112,"column":10},"end":{"line":118,"column":13}},"33":{"start":{"line":123,"column":4},"end":{"line":125,"column":7}}},"fnMap":{"0":{"name":"_interopRequireDefault","decl":{"start":{"line":13,"column":9},"end":{"line":13,"column":31}},"loc":{"start":{"line":13,"column":37},"end":{"line":13,"column":97}},"line":13},"1":{"name":"(anonymous_1)","decl":{"start":{"line":15,"column":17},"end":{"line":15,"column":18}},"loc":{"start":{"line":15,"column":37},"end":{"line":69,"column":1}},"line":15},"2":{"name":"(anonymous_2)","decl":{"start":{"line":44,"column":9},"end":{"line":44,"column":10}},"loc":{"start":{"line":44,"column":31},"end":{"line":61,"column":7}},"line":44},"3":{"name":"(anonymous_3)","decl":{"start":{"line":72,"column":17},"end":{"line":72,"column":18}},"loc":{"start":{"line":72,"column":37},"end":{"line":127,"column":1}},"line":72},"4":{"name":"(anonymous_4)","decl":{"start":{"line":86,"column":67},"end":{"line":86,"column":68}},"loc":{"start":{"line":86,"column":93},"end":{"line":121,"column":5}},"line":86},"5":{"name":"(anonymous_5)","decl":{"start":{"line":107,"column":11},"end":{"line":107,"column":12}},"loc":{"start":{"line":107,"column":33},"end":{"line":119,"column":9}},"line":107}},"branchMap":{"0":{"loc":{"start":{"line":13,"column":46},"end":{"line":13,"column":94}},"type":"cond-expr","locations":[{"start":{"line":13,"column":70},"end":{"line":13,"column":73}},{"start":{"line":13,"column":76},"end":{"line":13,"column":94}}],"line":13},"1":{"loc":{"start":{"line":13,"column":46},"end":{"line":13,"column":67}},"type":"binary-expr","locations":[{"start":{"line":13,"column":46},"end":{"line":13,"column":49}},{"start":{"line":13,"column":53},"end":{"line":13,"column":67}}],"line":13},"2":{"loc":{"start":{"line":17,"column":2},"end":{"line":68,"column":3}},"type":"if","locations":[{"start":{"line":17,"column":2},"end":{"line":68,"column":3}},{"start":{"line":17,"column":2},"end":{"line":68,"column":3}}],"line":17},"3":{"loc":{"start":{"line":17,"column":6},"end":{"line":17,"column":240}},"type":"binary-expr","locations":[{"start":{"line":17,"column":6},"end":{"line":17,"column":21}},{"start":{"line":17,"column":25},"end":{"line":17,"column":44}},{"start":{"line":17,"column":48},"end":{"line":17,"column":66}},{"start":{"line":17,"column":70},"end":{"line":17,"column":88}},{"start":{"line":17,"column":92},"end":{"line":17,"column":106}},{"start":{"line":17,"column":110},"end":{"line":17,"column":131}},{"start":{"line":17,"column":135},"end":{"line":17,"column":159}},{"start":{"line":17,"column":163},"end":{"line":17,"column":187}},{"start":{"line":17,"column":191},"end":{"line":17,"column":216}},{"start":{"line":17,"column":220},"end":{"line":17,"column":240}}],"line":17},"4":{"loc":{"start":{"line":31,"column":15},"end":{"line":31,"column":58}},"type":"cond-expr","locations":[{"start":{"line":31,"column":34},"end":{"line":31,"column":50}},{"start":{"line":31,"column":53},"end":{"line":31,"column":58}}],"line":31},"5":{"loc":{"start":{"line":36,"column":4},"end":{"line":67,"column":5}},"type":"if","locations":[{"start":{"line":36,"column":4},"end":{"line":67,"column":5}},{"start":{"line":36,"column":4},"end":{"line":67,"column":5}}],"line":36},"6":{"loc":{"start":{"line":45,"column":8},"end":{"line":47,"column":9}},"type":"if","locations":[{"start":{"line":45,"column":8},"end":{"line":47,"column":9}},{"start":{"line":45,"column":8},"end":{"line":47,"column":9}}],"line":45},"7":{"loc":{"start":{"line":74,"column":2},"end":{"line":79,"column":3}},"type":"if","locations":[{"start":{"line":74,"column":2},"end":{"line":79,"column":3}},{"start":{"line":74,"column":2},"end":{"line":79,"column":3}}],"line":74},"8":{"loc":{"start":{"line":74,"column":6},"end":{"line":74,"column":96}},"type":"binary-expr","locations":[{"start":{"line":74,"column":6},"end":{"line":74,"column":21}},{"start":{"line":74,"column":25},"end":{"line":74,"column":43}},{"start":{"line":74,"column":47},"end":{"line":74,"column":68}},{"start":{"line":74,"column":72},"end":{"line":74,"column":96}}],"line":74},"9":{"loc":{"start":{"line":84,"column":2},"end":{"line":126,"column":3}},"type":"if","locations":[{"start":{"line":84,"column":2},"end":{"line":126,"column":3}},{"start":{"line":84,"column":2},"end":{"line":126,"column":3}}],"line":84},"10":{"loc":{"start":{"line":87,"column":6},"end":{"line":92,"column":7}},"type":"if","locations":[{"start":{"line":87,"column":6},"end":{"line":92,"column":7}},{"start":{"line":87,"column":6},"end":{"line":92,"column":7}}],"line":87},"11":{"loc":{"start":{"line":94,"column":6},"end":{"line":120,"column":7}},"type":"if","locations":[{"start":{"line":94,"column":6},"end":{"line":120,"column":7}},{"start":{"line":94,"column":6},"end":{"line":120,"column":7}}],"line":94},"12":{"loc":{"start":{"line":108,"column":10},"end":{"line":110,"column":11}},"type":"if","locations":[{"start":{"line":108,"column":10},"end":{"line":110,"column":11}},{"start":{"line":108,"column":10},"end":{"line":110,"column":11}}],"line":108}},"s":{"0":1,"1":1,"2":1,"3":1,"4":1,"5":5,"6":1,"7":4,"8":2,"9":2,"10":2,"11":2,"12":2,"13":2,"14":2,"15":0,"16":2,"17":0,"18":1,"19":7,"20":2,"21":5,"22":5,"23":4,"24":4,"25":0,"26":4,"27":1,"28":3,"29":3,"30":3,"31":0,"32":3,"33":1},"f":{"0":5,"1":4,"2":2,"3":7,"4":4,"5":3},"b":{"0":[1,4],"1":[5,5],"2":[2,2],"3":[4,2,2,2,2,2,2,2,2,2],"4":[1,1],"5":[2,0],"6":[0,2],"7":[2,5],"8":[7,5,5,5],"9":[4,1],"10":[0,4],"11":[1,3],"12":[0,3]},"_coverageSchema":"43e27e138ebf9cfc5966b082cf9a028302ed4184","hash":"e288760f9a13831db9ffdc6cb7458f2d8cc0b660","contentHash":"bedbbabd4722ae0e4bb45e8514eaa7984e33b11d7aeb9cc8bd983f4153711bc2"},"D:\\Project\\Banka\\server\\models\\users.js":{"path":"D:\\Project\\Banka\\server\\models\\users.js","statementMap":{"0":{"start":{"line":3,"column":0},"end":{"line":5,"column":3}},"1":{"start":{"line":6,"column":0},"end":{"line":6,"column":28}},"2":{"start":{"line":8,"column":50},"end":{"line":8,"column":151}},"3":{"start":{"line":8,"column":92},"end":{"line":8,"column":149}},"4":{"start":{"line":10,"column":44},"end":{"line":10,"column":315}},"5":{"start":{"line":10,"column":57},"end":{"line":10,"column":58}},"6":{"start":{"line":10,"column":102},"end":{"line":10,"column":110}},"7":{"start":{"line":10,"column":112},"end":{"line":10,"column":167}},"8":{"start":{"line":10,"column":168},"end":{"line":10,"column":199}},"9":{"start":{"line":10,"column":200},"end":{"line":10,"column":254}},"10":{"start":{"line":10,"column":227},"end":{"line":10,"column":254}},"11":{"start":{"line":10,"column":255},"end":{"line":10,"column":313}},"12":{"start":{"line":12,"column":62},"end":{"line":12,"column":131}},"13":{"start":{"line":12,"column":78},"end":{"line":12,"column":131}},"14":{"start":{"line":12,"column":132},"end":{"line":12,"column":193}},"15":{"start":{"line":12,"column":149},"end":{"line":12,"column":193}},"16":{"start":{"line":12,"column":194},"end":{"line":12,"column":213}},"17":{"start":{"line":16,"column":0},"end":{"line":49,"column":3}},"18":{"start":{"line":18,"column":4},"end":{"line":18,"column":32}},"19":{"start":{"line":20,"column":4},"end":{"line":20,"column":20}},"20":{"start":{"line":24,"column":2},"end":{"line":46,"column":6}},"21":{"start":{"line":27,"column":6},"end":{"line":27,"column":28}},"22":{"start":{"line":28,"column":6},"end":{"line":28,"column":18}},"23":{"start":{"line":33,"column":17},"end":{"line":35,"column":8}},"24":{"start":{"line":34,"column":8},"end":{"line":34,"column":35}},"25":{"start":{"line":36,"column":6},"end":{"line":36,"column":18}},"26":{"start":{"line":41,"column":17},"end":{"line":43,"column":8}},"27":{"start":{"line":42,"column":8},"end":{"line":42,"column":30}},"28":{"start":{"line":44,"column":6},"end":{"line":44,"column":18}},"29":{"start":{"line":48,"column":2},"end":{"line":48,"column":14}},"30":{"start":{"line":51,"column":15},"end":{"line":51,"column":25}},"31":{"start":{"line":53,"column":0},"end":{"line":53,"column":30}}},"fnMap":{"0":{"name":"_classCallCheck","decl":{"start":{"line":8,"column":9},"end":{"line":8,"column":24}},"loc":{"start":{"line":8,"column":48},"end":{"line":8,"column":153}},"line":8},"1":{"name":"_defineProperties","decl":{"start":{"line":10,"column":9},"end":{"line":10,"column":26}},"loc":{"start":{"line":10,"column":42},"end":{"line":10,"column":317}},"line":10},"2":{"name":"_createClass","decl":{"start":{"line":12,"column":9},"end":{"line":12,"column":21}},"loc":{"start":{"line":12,"column":60},"end":{"line":12,"column":215}},"line":12},"3":{"name":"(anonymous_3)","decl":{"start":{"line":16,"column":0},"end":{"line":16,"column":1}},"loc":{"start":{"line":16,"column":12},"end":{"line":49,"column":1}},"line":16},"4":{"name":"User","decl":{"start":{"line":17,"column":11},"end":{"line":17,"column":15}},"loc":{"start":{"line":17,"column":18},"end":{"line":21,"column":3}},"line":17},"5":{"name":"create","decl":{"start":{"line":26,"column":20},"end":{"line":26,"column":26}},"loc":{"start":{"line":26,"column":33},"end":{"line":29,"column":5}},"line":26},"6":{"name":"find","decl":{"start":{"line":32,"column":20},"end":{"line":32,"column":24}},"loc":{"start":{"line":32,"column":31},"end":{"line":37,"column":5}},"line":32},"7":{"name":"(anonymous_7)","decl":{"start":{"line":33,"column":33},"end":{"line":33,"column":34}},"loc":{"start":{"line":33,"column":49},"end":{"line":35,"column":7}},"line":33},"8":{"name":"findById","decl":{"start":{"line":40,"column":20},"end":{"line":40,"column":28}},"loc":{"start":{"line":40,"column":33},"end":{"line":45,"column":5}},"line":40},"9":{"name":"(anonymous_9)","decl":{"start":{"line":41,"column":33},"end":{"line":41,"column":34}},"loc":{"start":{"line":41,"column":49},"end":{"line":43,"column":7}},"line":41}},"branchMap":{"0":{"loc":{"start":{"line":8,"column":50},"end":{"line":8,"column":151}},"type":"if","locations":[{"start":{"line":8,"column":50},"end":{"line":8,"column":151}},{"start":{"line":8,"column":50},"end":{"line":8,"column":151}}],"line":8},"1":{"loc":{"start":{"line":10,"column":136},"end":{"line":10,"column":166}},"type":"binary-expr","locations":[{"start":{"line":10,"column":136},"end":{"line":10,"column":157}},{"start":{"line":10,"column":161},"end":{"line":10,"column":166}}],"line":10},"2":{"loc":{"start":{"line":10,"column":200},"end":{"line":10,"column":254}},"type":"if","locations":[{"start":{"line":10,"column":200},"end":{"line":10,"column":254}},{"start":{"line":10,"column":200},"end":{"line":10,"column":254}}],"line":10},"3":{"loc":{"start":{"line":12,"column":62},"end":{"line":12,"column":131}},"type":"if","locations":[{"start":{"line":12,"column":62},"end":{"line":12,"column":131}},{"start":{"line":12,"column":62},"end":{"line":12,"column":131}}],"line":12},"4":{"loc":{"start":{"line":12,"column":132},"end":{"line":12,"column":193}},"type":"if","locations":[{"start":{"line":12,"column":132},"end":{"line":12,"column":193}},{"start":{"line":12,"column":132},"end":{"line":12,"column":193}}],"line":12}},"s":{"0":1,"1":1,"2":1,"3":0,"4":1,"5":1,"6":3,"7":3,"8":3,"9":3,"10":3,"11":3,"12":1,"13":1,"14":1,"15":0,"16":1,"17":1,"18":1,"19":1,"20":1,"21":2,"22":2,"23":5,"24":5,"25":5,"26":10,"27":12,"28":10,"29":1,"30":1,"31":1},"f":{"0":1,"1":1,"2":1,"3":1,"4":1,"5":2,"6":5,"7":5,"8":10,"9":12},"b":{"0":[0,1],"1":[3,3],"2":[3,0],"3":[1,0],"4":[0,1]},"_coverageSchema":"43e27e138ebf9cfc5966b082cf9a028302ed4184","hash":"3dfab8ad86b9cdbec779f55871b4b290539b1b95","contentHash":"2f30704a1b8ca5144d417ecd4e94365187d8925e575d83338aa6fcd1658b9f2b"},"D:\\Project\\Banka\\server\\config\\keys.js":{"path":"D:\\Project\\Banka\\server\\config\\keys.js","statementMap":{"0":{"start":{"line":3,"column":0},"end":{"line":5,"column":2}}},"fnMap":{},"branchMap":{},"s":{"0":1},"f":{},"b":{},"_coverageSchema":"43e27e138ebf9cfc5966b082cf9a028302ed4184","hash":"9abbcae7bc0ed7f8ea6e13a6a771531d2d3fed09","contentHash":"4643d3fe91fe23032569cb2d3ac5e3fb42173e875fbca11d6acb9a70f77b97fb"},"D:\\Project\\Banka\\server\\routes\\accounts.js":{"path":"D:\\Project\\Banka\\server\\routes\\accounts.js","statementMap":{"0":{"start":{"line":3,"column":0},"end":{"line":5,"column":3}},"1":{"start":{"line":6,"column":0},"end":{"line":6,"column":28}},"2":{"start":{"line":8,"column":15},"end":{"line":8,"column":57}},"3":{"start":{"line":10,"column":16},"end":{"line":10,"column":74}},"4":{"start":{"line":12,"column":20},"end":{"line":12,"column":82}},"5":{"start":{"line":14,"column":12},"end":{"line":14,"column":65}},"6":{"start":{"line":16,"column":39},"end":{"line":16,"column":95}},"7":{"start":{"line":18,"column":10},"end":{"line":18,"column":38}},"8":{"start":{"line":21,"column":0},"end":{"line":21,"column":79}},"9":{"start":{"line":22,"column":0},"end":{"line":22,"column":82}},"10":{"start":{"line":23,"column":0},"end":{"line":23,"column":78}},"11":{"start":{"line":24,"column":0},"end":{"line":24,"column":84}},"12":{"start":{"line":25,"column":0},"end":{"line":25,"column":91}},"13":{"start":{"line":27,"column":0},"end":{"line":27,"column":106}},"14":{"start":{"line":28,"column":0},"end":{"line":28,"column":108}},"15":{"start":{"line":29,"column":15},"end":{"line":29,"column":18}},"16":{"start":{"line":30,"column":0},"end":{"line":30,"column":30}}},"fnMap":{"0":{"name":"_interopRequireDefault","decl":{"start":{"line":16,"column":9},"end":{"line":16,"column":31}},"loc":{"start":{"line":16,"column":37},"end":{"line":16,"column":97}},"line":16}},"branchMap":{"0":{"loc":{"start":{"line":16,"column":46},"end":{"line":16,"column":94}},"type":"cond-expr","locations":[{"start":{"line":16,"column":70},"end":{"line":16,"column":73}},{"start":{"line":16,"column":76},"end":{"line":16,"column":94}}],"line":16},"1":{"loc":{"start":{"line":16,"column":46},"end":{"line":16,"column":67}},"type":"binary-expr","locations":[{"start":{"line":16,"column":46},"end":{"line":16,"column":49}},{"start":{"line":16,"column":53},"end":{"line":16,"column":67}}],"line":16}},"s":{"0":1,"1":1,"2":1,"3":1,"4":1,"5":1,"6":4,"7":1,"8":1,"9":1,"10":1,"11":1,"12":1,"13":1,"14":1,"15":1,"16":1},"f":{"0":4},"b":{"0":[3,1],"1":[4,4]},"_coverageSchema":"43e27e138ebf9cfc5966b082cf9a028302ed4184","hash":"fac6b8701322800da8cb79ad80056ba58b142889","contentHash":"cc14029498bef046d371f38e867a579cf342d5d3404a9d45f904bda6be8b0dbf"},"D:\\Project\\Banka\\server\\controllers\\accounts.js":{"path":"D:\\Project\\Banka\\server\\controllers\\accounts.js","statementMap":{"0":{"start":{"line":3,"column":0},"end":{"line":5,"column":3}},"1":{"start":{"line":6,"column":0},"end":{"line":6,"column":28}},"2":{"start":{"line":8,"column":16},"end":{"line":8,"column":69}},"3":{"start":{"line":10,"column":39},"end":{"line":10,"column":95}},"4":{"start":{"line":12,"column":14},"end":{"line":114,"column":1}},"5":{"start":{"line":15,"column":4},"end":{"line":19,"column":5}},"6":{"start":{"line":16,"column":6},"end":{"line":18,"column":9}},"7":{"start":{"line":21,"column":4},"end":{"line":25,"column":5}},"8":{"start":{"line":22,"column":6},"end":{"line":24,"column":9}},"9":{"start":{"line":27,"column":4},"end":{"line":31,"column":5}},"10":{"start":{"line":28,"column":6},"end":{"line":30,"column":9}},"11":{"start":{"line":33,"column":15},"end":{"line":33,"column":65}},"12":{"start":{"line":35,"column":4},"end":{"line":39,"column":7}},"13":{"start":{"line":43,"column":18},"end":{"line":43,"column":61}},"14":{"start":{"line":45,"column":4},"end":{"line":50,"column":5}},"15":{"start":{"line":46,"column":6},"end":{"line":49,"column":9}},"16":{"start":{"line":52,"column":4},"end":{"line":55,"column":7}},"17":{"start":{"line":59,"column":19},"end":{"line":59,"column":49}},"18":{"start":{"line":61,"column":4},"end":{"line":64,"column":7}},"19":{"start":{"line":68,"column":18},"end":{"line":68,"column":61}},"20":{"start":{"line":70,"column":4},"end":{"line":74,"column":5}},"21":{"start":{"line":71,"column":6},"end":{"line":73,"column":9}},"22":{"start":{"line":76,"column":4},"end":{"line":85,"column":5}},"23":{"start":{"line":77,"column":23},"end":{"line":77,"column":32}},"24":{"start":{"line":79,"column":27},"end":{"line":79,"column":81}},"25":{"start":{"line":81,"column":6},"end":{"line":84,"column":9}},"26":{"start":{"line":87,"column":19},"end":{"line":87,"column":27}},"27":{"start":{"line":89,"column":24},"end":{"line":89,"column":76}},"28":{"start":{"line":91,"column":4},"end":{"line":94,"column":7}},"29":{"start":{"line":98,"column":18},"end":{"line":98,"column":61}},"30":{"start":{"line":100,"column":4},"end":{"line":104,"column":5}},"31":{"start":{"line":101,"column":6},"end":{"line":103,"column":9}},"32":{"start":{"line":106,"column":14},"end":{"line":106,"column":59}},"33":{"start":{"line":108,"column":4},"end":{"line":112,"column":7}},"34":{"start":{"line":115,"column":15},"end":{"line":115,"column":22}},"35":{"start":{"line":116,"column":0},"end":{"line":116,"column":30}}},"fnMap":{"0":{"name":"_interopRequireDefault","decl":{"start":{"line":10,"column":9},"end":{"line":10,"column":31}},"loc":{"start":{"line":10,"column":37},"end":{"line":10,"column":97}},"line":10},"1":{"name":"create","decl":{"start":{"line":14,"column":19},"end":{"line":14,"column":25}},"loc":{"start":{"line":14,"column":36},"end":{"line":40,"column":3}},"line":14},"2":{"name":"getOne","decl":{"start":{"line":42,"column":19},"end":{"line":42,"column":25}},"loc":{"start":{"line":42,"column":36},"end":{"line":56,"column":3}},"line":42},"3":{"name":"getAll","decl":{"start":{"line":58,"column":19},"end":{"line":58,"column":25}},"loc":{"start":{"line":58,"column":36},"end":{"line":65,"column":3}},"line":58},"4":{"name":"update","decl":{"start":{"line":67,"column":19},"end":{"line":67,"column":25}},"loc":{"start":{"line":67,"column":36},"end":{"line":95,"column":3}},"line":67},"5":{"name":"_delete","decl":{"start":{"line":97,"column":21},"end":{"line":97,"column":28}},"loc":{"start":{"line":97,"column":39},"end":{"line":113,"column":3}},"line":97}},"branchMap":{"0":{"loc":{"start":{"line":10,"column":46},"end":{"line":10,"column":94}},"type":"cond-expr","locations":[{"start":{"line":10,"column":70},"end":{"line":10,"column":73}},{"start":{"line":10,"column":76},"end":{"line":10,"column":94}}],"line":10},"1":{"loc":{"start":{"line":10,"column":46},"end":{"line":10,"column":67}},"type":"binary-expr","locations":[{"start":{"line":10,"column":46},"end":{"line":10,"column":49}},{"start":{"line":10,"column":53},"end":{"line":10,"column":67}}],"line":10},"2":{"loc":{"start":{"line":15,"column":4},"end":{"line":19,"column":5}},"type":"if","locations":[{"start":{"line":15,"column":4},"end":{"line":19,"column":5}},{"start":{"line":15,"column":4},"end":{"line":19,"column":5}}],"line":15},"3":{"loc":{"start":{"line":15,"column":8},"end":{"line":15,"column":43}},"type":"binary-expr","locations":[{"start":{"line":15,"column":8},"end":{"line":15,"column":22}},{"start":{"line":15,"column":26},"end":{"line":15,"column":43}}],"line":15},"4":{"loc":{"start":{"line":21,"column":4},"end":{"line":25,"column":5}},"type":"if","locations":[{"start":{"line":21,"column":4},"end":{"line":25,"column":5}},{"start":{"line":21,"column":4},"end":{"line":25,"column":5}}],"line":21},"5":{"loc":{"start":{"line":21,"column":8},"end":{"line":21,"column":54}},"type":"binary-expr","locations":[{"start":{"line":21,"column":8},"end":{"line":21,"column":28}},{"start":{"line":21,"column":32},"end":{"line":21,"column":54}}],"line":21},"6":{"loc":{"start":{"line":27,"column":4},"end":{"line":31,"column":5}},"type":"if","locations":[{"start":{"line":27,"column":4},"end":{"line":31,"column":5}},{"start":{"line":27,"column":4},"end":{"line":31,"column":5}}],"line":27},"7":{"loc":{"start":{"line":27,"column":8},"end":{"line":27,"column":84}},"type":"binary-expr","locations":[{"start":{"line":27,"column":8},"end":{"line":27,"column":44}},{"start":{"line":27,"column":48},"end":{"line":27,"column":84}}],"line":27},"8":{"loc":{"start":{"line":45,"column":4},"end":{"line":50,"column":5}},"type":"if","locations":[{"start":{"line":45,"column":4},"end":{"line":50,"column":5}},{"start":{"line":45,"column":4},"end":{"line":50,"column":5}}],"line":45},"9":{"loc":{"start":{"line":70,"column":4},"end":{"line":74,"column":5}},"type":"if","locations":[{"start":{"line":70,"column":4},"end":{"line":74,"column":5}},{"start":{"line":70,"column":4},"end":{"line":74,"column":5}}],"line":70},"10":{"loc":{"start":{"line":76,"column":4},"end":{"line":85,"column":5}},"type":"if","locations":[{"start":{"line":76,"column":4},"end":{"line":85,"column":5}},{"start":{"line":76,"column":4},"end":{"line":85,"column":5}}],"line":76},"11":{"loc":{"start":{"line":100,"column":4},"end":{"line":104,"column":5}},"type":"if","locations":[{"start":{"line":100,"column":4},"end":{"line":104,"column":5}},{"start":{"line":100,"column":4},"end":{"line":104,"column":5}}],"line":100}},"s":{"0":1,"1":1,"2":1,"3":1,"4":1,"5":5,"6":1,"7":4,"8":1,"9":3,"10":1,"11":2,"12":2,"13":2,"14":2,"15":1,"16":1,"17":1,"18":1,"19":2,"20":2,"21":1,"22":1,"23":0,"24":0,"25":0,"26":1,"27":1,"28":1,"29":2,"30":2,"31":1,"32":1,"33":1,"34":1,"35":1},"f":{"0":1,"1":5,"2":2,"3":1,"4":2,"5":2},"b":{"0":[1,0],"1":[1,1],"2":[1,4],"3":[5,3],"4":[1,3],"5":[4,3],"6":[1,2],"7":[3,3],"8":[1,1],"9":[1,1],"10":[0,1],"11":[1,1]},"_coverageSchema":"43e27e138ebf9cfc5966b082cf9a028302ed4184","hash":"e31971d54abe0fb3ad7714994dc56d2ba41e89ce","contentHash":"c51bbd2bec8c2b752f32cb4f3f95c48d936bd927da2b83428cb10d6ce936a08f"},"D:\\Project\\Banka\\server\\models\\accounts.js":{"path":"D:\\Project\\Banka\\server\\models\\accounts.js","statementMap":{"0":{"start":{"line":3,"column":0},"end":{"line":5,"column":3}},"1":{"start":{"line":6,"column":0},"end":{"line":6,"column":28}},"2":{"start":{"line":8,"column":12},"end":{"line":8,"column":51}},"3":{"start":{"line":10,"column":39},"end":{"line":10,"column":95}},"4":{"start":{"line":12,"column":50},"end":{"line":12,"column":151}},"5":{"start":{"line":12,"column":92},"end":{"line":12,"column":149}},"6":{"start":{"line":14,"column":44},"end":{"line":14,"column":315}},"7":{"start":{"line":14,"column":57},"end":{"line":14,"column":58}},"8":{"start":{"line":14,"column":102},"end":{"line":14,"column":110}},"9":{"start":{"line":14,"column":112},"end":{"line":14,"column":167}},"10":{"start":{"line":14,"column":168},"end":{"line":14,"column":199}},"11":{"start":{"line":14,"column":200},"end":{"line":14,"column":254}},"12":{"start":{"line":14,"column":227},"end":{"line":14,"column":254}},"13":{"start":{"line":14,"column":255},"end":{"line":14,"column":313}},"14":{"start":{"line":16,"column":62},"end":{"line":16,"column":131}},"15":{"start":{"line":16,"column":78},"end":{"line":16,"column":131}},"16":{"start":{"line":16,"column":132},"end":{"line":16,"column":193}},"17":{"start":{"line":16,"column":149},"end":{"line":16,"column":193}},"18":{"start":{"line":16,"column":194},"end":{"line":16,"column":213}},"19":{"start":{"line":20,"column":0},"end":{"line":86,"column":3}},"20":{"start":{"line":22,"column":4},"end":{"line":22,"column":35}},"21":{"start":{"line":24,"column":4},"end":{"line":24,"column":23}},"22":{"start":{"line":28,"column":2},"end":{"line":83,"column":6}},"23":{"start":{"line":31,"column":23},"end":{"line":39,"column":7}},"24":{"start":{"line":40,"column":6},"end":{"line":40,"column":37}},"25":{"start":{"line":41,"column":6},"end":{"line":41,"column":24}},"26":{"start":{"line":47,"column":6},"end":{"line":49,"column":9}},"27":{"start":{"line":48,"column":8},"end":{"line":48,"column":55}},"28":{"start":{"line":55,"column":6},"end":{"line":55,"column":27}},"29":{"start":{"line":61,"column":20},"end":{"line":61,"column":36}},"30":{"start":{"line":62,"column":18},"end":{"line":62,"column":48}},"31":{"start":{"line":63,"column":6},"end":{"line":63,"column":41}},"32":{"start":{"line":64,"column":6},"end":{"line":64,"column":34}},"33":{"start":{"line":70,"column":20},"end":{"line":70,"column":36}},"34":{"start":{"line":71,"column":18},"end":{"line":71,"column":48}},"35":{"start":{"line":72,"column":20},"end":{"line":72,"column":50}},"36":{"start":{"line":73,"column":6},"end":{"line":73,"column":21}},"37":{"start":{"line":78,"column":20},"end":{"line":78,"column":52}},"38":{"start":{"line":79,"column":18},"end":{"line":79,"column":48}},"39":{"start":{"line":80,"column":19},"end":{"line":80,"column":62}},"40":{"start":{"line":81,"column":6},"end":{"line":81,"column":20}},"41":{"start":{"line":85,"column":2},"end":{"line":85,"column":17}},"42":{"start":{"line":88,"column":15},"end":{"line":88,"column":28}},"43":{"start":{"line":90,"column":0},"end":{"line":90,"column":30}}},"fnMap":{"0":{"name":"_interopRequireDefault","decl":{"start":{"line":10,"column":9},"end":{"line":10,"column":31}},"loc":{"start":{"line":10,"column":37},"end":{"line":10,"column":97}},"line":10},"1":{"name":"_classCallCheck","decl":{"start":{"line":12,"column":9},"end":{"line":12,"column":24}},"loc":{"start":{"line":12,"column":48},"end":{"line":12,"column":153}},"line":12},"2":{"name":"_defineProperties","decl":{"start":{"line":14,"column":9},"end":{"line":14,"column":26}},"loc":{"start":{"line":14,"column":42},"end":{"line":14,"column":317}},"line":14},"3":{"name":"_createClass","decl":{"start":{"line":16,"column":9},"end":{"line":16,"column":21}},"loc":{"start":{"line":16,"column":60},"end":{"line":16,"column":215}},"line":16},"4":{"name":"(anonymous_4)","decl":{"start":{"line":20,"column":0},"end":{"line":20,"column":1}},"loc":{"start":{"line":20,"column":12},"end":{"line":86,"column":1}},"line":20},"5":{"name":"Account","decl":{"start":{"line":21,"column":11},"end":{"line":21,"column":18}},"loc":{"start":{"line":21,"column":21},"end":{"line":25,"column":3}},"line":21},"6":{"name":"create","decl":{"start":{"line":30,"column":20},"end":{"line":30,"column":26}},"loc":{"start":{"line":30,"column":41},"end":{"line":42,"column":5}},"line":30},"7":{"name":"findOne","decl":{"start":{"line":46,"column":20},"end":{"line":46,"column":27}},"loc":{"start":{"line":46,"column":43},"end":{"line":50,"column":5}},"line":46},"8":{"name":"(anonymous_8)","decl":{"start":{"line":47,"column":32},"end":{"line":47,"column":33}},"loc":{"start":{"line":47,"column":51},"end":{"line":49,"column":7}},"line":47},"9":{"name":"findAll","decl":{"start":{"line":54,"column":20},"end":{"line":54,"column":27}},"loc":{"start":{"line":54,"column":30},"end":{"line":56,"column":5}},"line":54},"10":{"name":"update","decl":{"start":{"line":60,"column":20},"end":{"line":60,"column":26}},"loc":{"start":{"line":60,"column":37},"end":{"line":65,"column":5}},"line":60},"11":{"name":"_delete","decl":{"start":{"line":69,"column":20},"end":{"line":69,"column":27}},"loc":{"start":{"line":69,"column":32},"end":{"line":74,"column":5}},"line":69},"12":{"name":"updateAccountBalance","decl":{"start":{"line":77,"column":20},"end":{"line":77,"column":40}},"loc":{"start":{"line":77,"column":47},"end":{"line":82,"column":5}},"line":77}},"branchMap":{"0":{"loc":{"start":{"line":10,"column":46},"end":{"line":10,"column":94}},"type":"cond-expr","locations":[{"start":{"line":10,"column":70},"end":{"line":10,"column":73}},{"start":{"line":10,"column":76},"end":{"line":10,"column":94}}],"line":10},"1":{"loc":{"start":{"line":10,"column":46},"end":{"line":10,"column":67}},"type":"binary-expr","locations":[{"start":{"line":10,"column":46},"end":{"line":10,"column":49}},{"start":{"line":10,"column":53},"end":{"line":10,"column":67}}],"line":10},"2":{"loc":{"start":{"line":12,"column":50},"end":{"line":12,"column":151}},"type":"if","locations":[{"start":{"line":12,"column":50},"end":{"line":12,"column":151}},{"start":{"line":12,"column":50},"end":{"line":12,"column":151}}],"line":12},"3":{"loc":{"start":{"line":14,"column":136},"end":{"line":14,"column":166}},"type":"binary-expr","locations":[{"start":{"line":14,"column":136},"end":{"line":14,"column":157}},{"start":{"line":14,"column":161},"end":{"line":14,"column":166}}],"line":14},"4":{"loc":{"start":{"line":14,"column":200},"end":{"line":14,"column":254}},"type":"if","locations":[{"start":{"line":14,"column":200},"end":{"line":14,"column":254}},{"start":{"line":14,"column":200},"end":{"line":14,"column":254}}],"line":14},"5":{"loc":{"start":{"line":16,"column":62},"end":{"line":16,"column":131}},"type":"if","locations":[{"start":{"line":16,"column":62},"end":{"line":16,"column":131}},{"start":{"line":16,"column":62},"end":{"line":16,"column":131}}],"line":16},"6":{"loc":{"start":{"line":16,"column":132},"end":{"line":16,"column":193}},"type":"if","locations":[{"start":{"line":16,"column":132},"end":{"line":16,"column":193}},{"start":{"line":16,"column":132},"end":{"line":16,"column":193}}],"line":16}},"s":{"0":1,"1":1,"2":1,"3":1,"4":1,"5":0,"6":1,"7":1,"8":6,"9":6,"10":6,"11":6,"12":6,"13":6,"14":1,"15":1,"16":1,"17":0,"18":1,"19":1,"20":1,"21":1,"22":1,"23":2,"24":2,"25":2,"26":17,"27":16,"28":1,"29":1,"30":1,"31":1,"32":1,"33":1,"34":1,"35":1,"36":1,"37":3,"38":3,"39":3,"40":3,"41":1,"42":1,"43":1},"f":{"0":1,"1":1,"2":1,"3":1,"4":1,"5":1,"6":2,"7":17,"8":16,"9":1,"10":1,"11":1,"12":3},"b":{"0":[0,1],"1":[1,1],"2":[0,1],"3":[6,6],"4":[6,0],"5":[1,0],"6":[0,1]},"_coverageSchema":"43e27e138ebf9cfc5966b082cf9a028302ed4184","hash":"3b7f3e9ffd3f9f59efb54f5f3a5cf13f59b5d5a9","contentHash":"47b1bbfa5630104a1c4b3435e2d48cd9a9d9229a6e68b37a0219adb70ef67803"},"D:\\Project\\Banka\\server\\controllers\\transactions.js":{"path":"D:\\Project\\Banka\\server\\controllers\\transactions.js","statementMap":{"0":{"start":{"line":3,"column":0},"end":{"line":5,"column":3}},"1":{"start":{"line":6,"column":0},"end":{"line":6,"column":28}},"2":{"start":{"line":8,"column":16},"end":{"line":8,"column":69}},"3":{"start":{"line":10,"column":19},"end":{"line":10,"column":75}},"4":{"start":{"line":12,"column":13},"end":{"line":12,"column":63}},"5":{"start":{"line":14,"column":39},"end":{"line":14,"column":95}},"6":{"start":{"line":16,"column":28},"end":{"line":141,"column":1}},"7":{"start":{"line":18,"column":19},"end":{"line":18,"column":58}},"8":{"start":{"line":20,"column":4},"end":{"line":75,"column":5}},"9":{"start":{"line":21,"column":6},"end":{"line":24,"column":9}},"10":{"start":{"line":25,"column":11},"end":{"line":75,"column":5}},"11":{"start":{"line":27,"column":6},"end":{"line":32,"column":7}},"12":{"start":{"line":28,"column":8},"end":{"line":31,"column":11}},"13":{"start":{"line":35,"column":24},"end":{"line":35,"column":78}},"14":{"start":{"line":37,"column":6},"end":{"line":69,"column":7}},"15":{"start":{"line":38,"column":8},"end":{"line":41,"column":11}},"16":{"start":{"line":44,"column":19},"end":{"line":51,"column":9}},"17":{"start":{"line":53,"column":19},"end":{"line":53,"column":55}},"18":{"start":{"line":55,"column":8},"end":{"line":68,"column":9}},"19":{"start":{"line":56,"column":31},"end":{"line":59,"column":11}},"20":{"start":{"line":61,"column":10},"end":{"line":61,"column":68}},"21":{"start":{"line":63,"column":10},"end":{"line":67,"column":13}},"22":{"start":{"line":71,"column":6},"end":{"line":74,"column":9}},"23":{"start":{"line":78,"column":19},"end":{"line":78,"column":58}},"24":{"start":{"line":80,"column":4},"end":{"line":139,"column":5}},"25":{"start":{"line":81,"column":6},"end":{"line":84,"column":9}},"26":{"start":{"line":85,"column":11},"end":{"line":139,"column":5}},"27":{"start":{"line":87,"column":6},"end":{"line":91,"column":7}},"28":{"start":{"line":88,"column":8},"end":{"line":90,"column":11}},"29":{"start":{"line":94,"column":24},"end":{"line":94,"column":78}},"30":{"start":{"line":96,"column":6},"end":{"line":133,"column":7}},"31":{"start":{"line":97,"column":8},"end":{"line":100,"column":11}},"32":{"start":{"line":101,"column":13},"end":{"line":133,"column":7}},"33":{"start":{"line":102,"column":8},"end":{"line":105,"column":11}},"34":{"start":{"line":108,"column":19},"end":{"line":115,"column":9}},"35":{"start":{"line":117,"column":19},"end":{"line":117,"column":55}},"36":{"start":{"line":119,"column":8},"end":{"line":132,"column":9}},"37":{"start":{"line":120,"column":31},"end":{"line":123,"column":11}},"38":{"start":{"line":125,"column":10},"end":{"line":125,"column":68}},"39":{"start":{"line":127,"column":10},"end":{"line":131,"column":13}},"40":{"start":{"line":135,"column":6},"end":{"line":138,"column":9}},"41":{"start":{"line":142,"column":15},"end":{"line":142,"column":36}},"42":{"start":{"line":143,"column":0},"end":{"line":143,"column":30}}},"fnMap":{"0":{"name":"_interopRequireDefault","decl":{"start":{"line":14,"column":9},"end":{"line":14,"column":31}},"loc":{"start":{"line":14,"column":37},"end":{"line":14,"column":97}},"line":14},"1":{"name":"credit","decl":{"start":{"line":17,"column":19},"end":{"line":17,"column":25}},"loc":{"start":{"line":17,"column":36},"end":{"line":76,"column":3}},"line":17},"2":{"name":"debit","decl":{"start":{"line":77,"column":18},"end":{"line":77,"column":23}},"loc":{"start":{"line":77,"column":34},"end":{"line":140,"column":3}},"line":77}},"branchMap":{"0":{"loc":{"start":{"line":14,"column":46},"end":{"line":14,"column":94}},"type":"cond-expr","locations":[{"start":{"line":14,"column":70},"end":{"line":14,"column":73}},{"start":{"line":14,"column":76},"end":{"line":14,"column":94}}],"line":14},"1":{"loc":{"start":{"line":14,"column":46},"end":{"line":14,"column":67}},"type":"binary-expr","locations":[{"start":{"line":14,"column":46},"end":{"line":14,"column":49}},{"start":{"line":14,"column":53},"end":{"line":14,"column":67}}],"line":14},"2":{"loc":{"start":{"line":20,"column":4},"end":{"line":75,"column":5}},"type":"if","locations":[{"start":{"line":20,"column":4},"end":{"line":75,"column":5}},{"start":{"line":20,"column":4},"end":{"line":75,"column":5}}],"line":20},"3":{"loc":{"start":{"line":25,"column":11},"end":{"line":75,"column":5}},"type":"if","locations":[{"start":{"line":25,"column":11},"end":{"line":75,"column":5}},{"start":{"line":25,"column":11},"end":{"line":75,"column":5}}],"line":25},"4":{"loc":{"start":{"line":27,"column":6},"end":{"line":32,"column":7}},"type":"if","locations":[{"start":{"line":27,"column":6},"end":{"line":32,"column":7}},{"start":{"line":27,"column":6},"end":{"line":32,"column":7}}],"line":27},"5":{"loc":{"start":{"line":27,"column":10},"end":{"line":27,"column":84}},"type":"binary-expr","locations":[{"start":{"line":27,"column":10},"end":{"line":27,"column":45}},{"start":{"line":27,"column":49},"end":{"line":27,"column":84}}],"line":27},"6":{"loc":{"start":{"line":37,"column":6},"end":{"line":69,"column":7}},"type":"if","locations":[{"start":{"line":37,"column":6},"end":{"line":69,"column":7}},{"start":{"line":37,"column":6},"end":{"line":69,"column":7}}],"line":37},"7":{"loc":{"start":{"line":55,"column":8},"end":{"line":68,"column":9}},"type":"if","locations":[{"start":{"line":55,"column":8},"end":{"line":68,"column":9}},{"start":{"line":55,"column":8},"end":{"line":68,"column":9}}],"line":55},"8":{"loc":{"start":{"line":80,"column":4},"end":{"line":139,"column":5}},"type":"if","locations":[{"start":{"line":80,"column":4},"end":{"line":139,"column":5}},{"start":{"line":80,"column":4},"end":{"line":139,"column":5}}],"line":80},"9":{"loc":{"start":{"line":85,"column":11},"end":{"line":139,"column":5}},"type":"if","locations":[{"start":{"line":85,"column":11},"end":{"line":139,"column":5}},{"start":{"line":85,"column":11},"end":{"line":139,"column":5}}],"line":85},"10":{"loc":{"start":{"line":87,"column":6},"end":{"line":91,"column":7}},"type":"if","locations":[{"start":{"line":87,"column":6},"end":{"line":91,"column":7}},{"start":{"line":87,"column":6},"end":{"line":91,"column":7}}],"line":87},"11":{"loc":{"start":{"line":87,"column":10},"end":{"line":87,"column":84}},"type":"binary-expr","locations":[{"start":{"line":87,"column":10},"end":{"line":87,"column":45}},{"start":{"line":87,"column":49},"end":{"line":87,"column":84}}],"line":87},"12":{"loc":{"start":{"line":96,"column":6},"end":{"line":133,"column":7}},"type":"if","locations":[{"start":{"line":96,"column":6},"end":{"line":133,"column":7}},{"start":{"line":96,"column":6},"end":{"line":133,"column":7}}],"line":96},"13":{"loc":{"start":{"line":101,"column":13},"end":{"line":133,"column":7}},"type":"if","locations":[{"start":{"line":101,"column":13},"end":{"line":133,"column":7}},{"start":{"line":101,"column":13},"end":{"line":133,"column":7}}],"line":101},"14":{"loc":{"start":{"line":119,"column":8},"end":{"line":132,"column":9}},"type":"if","locations":[{"start":{"line":119,"column":8},"end":{"line":132,"column":9}},{"start":{"line":119,"column":8},"end":{"line":132,"column":9}}],"line":119}},"s":{"0":1,"1":1,"2":1,"3":1,"4":1,"5":3,"6":1,"7":5,"8":5,"9":0,"10":5,"11":4,"12":1,"13":3,"14":3,"15":1,"16":2,"17":2,"18":2,"19":2,"20":2,"21":2,"22":1,"23":5,"24":5,"25":0,"26":5,"27":4,"28":1,"29":3,"30":3,"31":1,"32":2,"33":1,"34":1,"35":1,"36":1,"37":1,"38":1,"39":1,"40":1,"41":1,"42":1},"f":{"0":3,"1":5,"2":5},"b":{"0":[3,0],"1":[3,3],"2":[0,5],"3":[4,1],"4":[1,3],"5":[4,4],"6":[1,2],"7":[2,0],"8":[0,5],"9":[4,1],"10":[1,3],"11":[4,4],"12":[1,2],"13":[1,1],"14":[1,0]},"_coverageSchema":"43e27e138ebf9cfc5966b082cf9a028302ed4184","hash":"33e1e3df75bf09de3d55cf626ae93068754e9640","contentHash":"ddc014a62b20ec38edb23ef145a716c937a7daa5e97bc1922e16714db9a31970"},"D:\\Project\\Banka\\server\\models\\transaction.js":{"path":"D:\\Project\\Banka\\server\\models\\transaction.js","statementMap":{"0":{"start":{"line":3,"column":0},"end":{"line":5,"column":3}},"1":{"start":{"line":6,"column":0},"end":{"line":6,"column":28}},"2":{"start":{"line":8,"column":12},"end":{"line":8,"column":51}},"3":{"start":{"line":10,"column":39},"end":{"line":10,"column":95}},"4":{"start":{"line":12,"column":50},"end":{"line":12,"column":151}},"5":{"start":{"line":12,"column":92},"end":{"line":12,"column":149}},"6":{"start":{"line":14,"column":44},"end":{"line":14,"column":315}},"7":{"start":{"line":14,"column":57},"end":{"line":14,"column":58}},"8":{"start":{"line":14,"column":102},"end":{"line":14,"column":110}},"9":{"start":{"line":14,"column":112},"end":{"line":14,"column":167}},"10":{"start":{"line":14,"column":168},"end":{"line":14,"column":199}},"11":{"start":{"line":14,"column":200},"end":{"line":14,"column":254}},"12":{"start":{"line":14,"column":227},"end":{"line":14,"column":254}},"13":{"start":{"line":14,"column":255},"end":{"line":14,"column":313}},"14":{"start":{"line":16,"column":62},"end":{"line":16,"column":131}},"15":{"start":{"line":16,"column":78},"end":{"line":16,"column":131}},"16":{"start":{"line":16,"column":132},"end":{"line":16,"column":193}},"17":{"start":{"line":16,"column":149},"end":{"line":16,"column":193}},"18":{"start":{"line":16,"column":194},"end":{"line":16,"column":213}},"19":{"start":{"line":20,"column":0},"end":{"line":47,"column":3}},"20":{"start":{"line":22,"column":4},"end":{"line":22,"column":39}},"21":{"start":{"line":24,"column":4},"end":{"line":24,"column":26}},"22":{"start":{"line":28,"column":2},"end":{"line":44,"column":6}},"23":{"start":{"line":31,"column":27},"end":{"line":40,"column":7}},"24":{"start":{"line":41,"column":6},"end":{"line":41,"column":44}},"25":{"start":{"line":42,"column":6},"end":{"line":42,"column":28}},"26":{"start":{"line":46,"column":2},"end":{"line":46,"column":21}},"27":{"start":{"line":49,"column":15},"end":{"line":49,"column":32}},"28":{"start":{"line":51,"column":0},"end":{"line":51,"column":30}}},"fnMap":{"0":{"name":"_interopRequireDefault","decl":{"start":{"line":10,"column":9},"end":{"line":10,"column":31}},"loc":{"start":{"line":10,"column":37},"end":{"line":10,"column":97}},"line":10},"1":{"name":"_classCallCheck","decl":{"start":{"line":12,"column":9},"end":{"line":12,"column":24}},"loc":{"start":{"line":12,"column":48},"end":{"line":12,"column":153}},"line":12},"2":{"name":"_defineProperties","decl":{"start":{"line":14,"column":9},"end":{"line":14,"column":26}},"loc":{"start":{"line":14,"column":42},"end":{"line":14,"column":317}},"line":14},"3":{"name":"_createClass","decl":{"start":{"line":16,"column":9},"end":{"line":16,"column":21}},"loc":{"start":{"line":16,"column":60},"end":{"line":16,"column":215}},"line":16},"4":{"name":"(anonymous_4)","decl":{"start":{"line":20,"column":0},"end":{"line":20,"column":1}},"loc":{"start":{"line":20,"column":12},"end":{"line":47,"column":1}},"line":20},"5":{"name":"Transaction","decl":{"start":{"line":21,"column":11},"end":{"line":21,"column":22}},"loc":{"start":{"line":21,"column":25},"end":{"line":25,"column":3}},"line":21},"6":{"name":"create","decl":{"start":{"line":30,"column":20},"end":{"line":30,"column":26}},"loc":{"start":{"line":30,"column":33},"end":{"line":43,"column":5}},"line":30}},"branchMap":{"0":{"loc":{"start":{"line":10,"column":46},"end":{"line":10,"column":94}},"type":"cond-expr","locations":[{"start":{"line":10,"column":70},"end":{"line":10,"column":73}},{"start":{"line":10,"column":76},"end":{"line":10,"column":94}}],"line":10},"1":{"loc":{"start":{"line":10,"column":46},"end":{"line":10,"column":67}},"type":"binary-expr","locations":[{"start":{"line":10,"column":46},"end":{"line":10,"column":49}},{"start":{"line":10,"column":53},"end":{"line":10,"column":67}}],"line":10},"2":{"loc":{"start":{"line":12,"column":50},"end":{"line":12,"column":151}},"type":"if","locations":[{"start":{"line":12,"column":50},"end":{"line":12,"column":151}},{"start":{"line":12,"column":50},"end":{"line":12,"column":151}}],"line":12},"3":{"loc":{"start":{"line":14,"column":136},"end":{"line":14,"column":166}},"type":"binary-expr","locations":[{"start":{"line":14,"column":136},"end":{"line":14,"column":157}},{"start":{"line":14,"column":161},"end":{"line":14,"column":166}}],"line":14},"4":{"loc":{"start":{"line":14,"column":200},"end":{"line":14,"column":254}},"type":"if","locations":[{"start":{"line":14,"column":200},"end":{"line":14,"column":254}},{"start":{"line":14,"column":200},"end":{"line":14,"column":254}}],"line":14},"5":{"loc":{"start":{"line":16,"column":62},"end":{"line":16,"column":131}},"type":"if","locations":[{"start":{"line":16,"column":62},"end":{"line":16,"column":131}},{"start":{"line":16,"column":62},"end":{"line":16,"column":131}}],"line":16},"6":{"loc":{"start":{"line":16,"column":132},"end":{"line":16,"column":193}},"type":"if","locations":[{"start":{"line":16,"column":132},"end":{"line":16,"column":193}},{"start":{"line":16,"column":132},"end":{"line":16,"column":193}}],"line":16}},"s":{"0":1,"1":1,"2":1,"3":1,"4":1,"5":0,"6":1,"7":1,"8":1,"9":1,"10":1,"11":1,"12":1,"13":1,"14":1,"15":1,"16":1,"17":0,"18":1,"19":1,"20":1,"21":1,"22":1,"23":3,"24":3,"25":3,"26":1,"27":1,"28":1},"f":{"0":1,"1":1,"2":1,"3":1,"4":1,"5":1,"6":3},"b":{"0":[0,1],"1":[1,1],"2":[0,1],"3":[1,1],"4":[1,0],"5":[1,0],"6":[0,1]},"_coverageSchema":"43e27e138ebf9cfc5966b082cf9a028302ed4184","hash":"753d8a349c4cba03420f7744afcbca520fa2e008","contentHash":"ea39eb1d5af382520ef1101b01d90b9bffba28bf233f7fe1fbe98999858e8e27"},"D:\\Project\\Banka\\server\\middleware\\auth.js":{"path":"D:\\Project\\Banka\\server\\middleware\\auth.js","statementMap":{"0":{"start":{"line":3,"column":0},"end":{"line":5,"column":3}},"1":{"start":{"line":6,"column":0},"end":{"line":6,"column":28}},"2":{"start":{"line":8,"column":20},"end":{"line":8,"column":67}},"3":{"start":{"line":10,"column":12},"end":{"line":10,"column":61}},"4":{"start":{"line":12,"column":39},"end":{"line":12,"column":95}},"5":{"start":{"line":14,"column":11},"end":{"line":47,"column":1}},"6":{"start":{"line":16,"column":16},"end":{"line":16,"column":41}},"7":{"start":{"line":18,"column":4},"end":{"line":22,"column":5}},"8":{"start":{"line":19,"column":6},"end":{"line":21,"column":9}},"9":{"start":{"line":24,"column":20},"end":{"line":24,"column":36}},"10":{"start":{"line":26,"column":4},"end":{"line":45,"column":7}},"11":{"start":{"line":27,"column":6},"end":{"line":32,"column":7}},"12":{"start":{"line":28,"column":8},"end":{"line":31,"column":11}},"13":{"start":{"line":34,"column":6},"end":{"line":44,"column":7}},"14":{"start":{"line":35,"column":8},"end":{"line":38,"column":10}},"15":{"start":{"line":39,"column":8},"end":{"line":39,"column":15}},"16":{"start":{"line":41,"column":8},"end":{"line":43,"column":11}},"17":{"start":{"line":48,"column":15},"end":{"line":48,"column":19}},"18":{"start":{"line":49,"column":0},"end":{"line":49,"column":30}}},"fnMap":{"0":{"name":"_interopRequireDefault","decl":{"start":{"line":12,"column":9},"end":{"line":12,"column":31}},"loc":{"start":{"line":12,"column":37},"end":{"line":12,"column":97}},"line":12},"1":{"name":"checkAuth","decl":{"start":{"line":15,"column":22},"end":{"line":15,"column":31}},"loc":{"start":{"line":15,"column":48},"end":{"line":46,"column":3}},"line":15},"2":{"name":"(anonymous_2)","decl":{"start":{"line":26,"column":75},"end":{"line":26,"column":76}},"loc":{"start":{"line":26,"column":100},"end":{"line":45,"column":5}},"line":26}},"branchMap":{"0":{"loc":{"start":{"line":12,"column":46},"end":{"line":12,"column":94}},"type":"cond-expr","locations":[{"start":{"line":12,"column":70},"end":{"line":12,"column":73}},{"start":{"line":12,"column":76},"end":{"line":12,"column":94}}],"line":12},"1":{"loc":{"start":{"line":12,"column":46},"end":{"line":12,"column":67}},"type":"binary-expr","locations":[{"start":{"line":12,"column":46},"end":{"line":12,"column":49}},{"start":{"line":12,"column":53},"end":{"line":12,"column":67}}],"line":12},"2":{"loc":{"start":{"line":18,"column":4},"end":{"line":22,"column":5}},"type":"if","locations":[{"start":{"line":18,"column":4},"end":{"line":22,"column":5}},{"start":{"line":18,"column":4},"end":{"line":22,"column":5}}],"line":18},"3":{"loc":{"start":{"line":18,"column":8},"end":{"line":18,"column":30}},"type":"binary-expr","locations":[{"start":{"line":18,"column":8},"end":{"line":18,"column":20}},{"start":{"line":18,"column":24},"end":{"line":18,"column":30}}],"line":18},"4":{"loc":{"start":{"line":27,"column":6},"end":{"line":32,"column":7}},"type":"if","locations":[{"start":{"line":27,"column":6},"end":{"line":32,"column":7}},{"start":{"line":27,"column":6},"end":{"line":32,"column":7}}],"line":27},"5":{"loc":{"start":{"line":34,"column":6},"end":{"line":44,"column":7}},"type":"if","locations":[{"start":{"line":34,"column":6},"end":{"line":44,"column":7}},{"start":{"line":34,"column":6},"end":{"line":44,"column":7}}],"line":34}},"s":{"0":1,"1":1,"2":1,"3":1,"4":2,"5":1,"6":24,"7":24,"8":2,"9":22,"10":22,"11":22,"12":0,"13":22,"14":22,"15":22,"16":0,"17":1,"18":1},"f":{"0":2,"1":24,"2":22},"b":{"0":[0,2],"1":[2,2],"2":[2,22],"3":[24,24],"4":[0,22],"5":[22,0]},"_coverageSchema":"43e27e138ebf9cfc5966b082cf9a028302ed4184","hash":"5ced67d85a4bd7af83ac8c156fa9f210f094a9b5","contentHash":"c0271061e7970bfda2cdbd123c521aa9230c1a4f6671f46a008afd34cb57ea8c"},"D:\\Project\\Banka\\server\\test\\2-accounts.js":{"path":"D:\\Project\\Banka\\server\\test\\2-accounts.js","statementMap":{"0":{"start":{"line":3,"column":12},"end":{"line":3,"column":51}},"1":{"start":{"line":5,"column":16},"end":{"line":5,"column":60}},"2":{"start":{"line":7,"column":13},"end":{"line":7,"column":56}},"3":{"start":{"line":9,"column":13},"end":{"line":9,"column":42}},"4":{"start":{"line":11,"column":16},"end":{"line":11,"column":48}},"5":{"start":{"line":13,"column":39},"end":{"line":13,"column":95}},"6":{"start":{"line":15,"column":0},"end":{"line":15,"column":43}},"7":{"start":{"line":17,"column":0},"end":{"line":17,"column":26}},"8":{"start":{"line":21,"column":0},"end":{"line":181,"column":3}},"9":{"start":{"line":22,"column":2},"end":{"line":31,"column":5}},"10":{"start":{"line":23,"column":4},"end":{"line":30,"column":7}},"11":{"start":{"line":24,"column":6},"end":{"line":26,"column":7}},"12":{"start":{"line":25,"column":8},"end":{"line":25,"column":25}},"13":{"start":{"line":28,"column":6},"end":{"line":28,"column":47}},"14":{"start":{"line":29,"column":6},"end":{"line":29,"column":13}},"15":{"start":{"line":33,"column":2},"end":{"line":46,"column":5}},"16":{"start":{"line":34,"column":4},"end":{"line":45,"column":7}},"17":{"start":{"line":35,"column":6},"end":{"line":37,"column":7}},"18":{"start":{"line":36,"column":8},"end":{"line":36,"column":20}},"19":{"start":{"line":39,"column":6},"end":{"line":39,"column":50}},"20":{"start":{"line":40,"column":6},"end":{"line":40,"column":34}},"21":{"start":{"line":41,"column":6},"end":{"line":41,"column":46}},"22":{"start":{"line":42,"column":6},"end":{"line":42,"column":47}},"23":{"start":{"line":43,"column":6},"end":{"line":43,"column":44}},"24":{"start":{"line":44,"column":6},"end":{"line":44,"column":13}},"25":{"start":{"line":48,"column":2},"end":{"line":61,"column":5}},"26":{"start":{"line":49,"column":4},"end":{"line":60,"column":7}},"27":{"start":{"line":53,"column":6},"end":{"line":55,"column":7}},"28":{"start":{"line":54,"column":8},"end":{"line":54,"column":20}},"29":{"start":{"line":57,"column":6},"end":{"line":57,"column":34}},"30":{"start":{"line":58,"column":6},"end":{"line":58,"column":47}},"31":{"start":{"line":59,"column":6},"end":{"line":59,"column":13}},"32":{"start":{"line":63,"column":2},"end":{"line":72,"column":5}},"33":{"start":{"line":64,"column":4},"end":{"line":71,"column":7}},"34":{"start":{"line":65,"column":6},"end":{"line":67,"column":7}},"35":{"start":{"line":66,"column":8},"end":{"line":66,"column":20}},"36":{"start":{"line":69,"column":6},"end":{"line":69,"column":34}},"37":{"start":{"line":70,"column":6},"end":{"line":70,"column":13}},"38":{"start":{"line":74,"column":2},"end":{"line":84,"column":5}},"39":{"start":{"line":75,"column":4},"end":{"line":83,"column":7}},"40":{"start":{"line":76,"column":6},"end":{"line":78,"column":7}},"41":{"start":{"line":77,"column":8},"end":{"line":77,"column":20}},"42":{"start":{"line":80,"column":6},"end":{"line":80,"column":34}},"43":{"start":{"line":81,"column":6},"end":{"line":81,"column":47}},"44":{"start":{"line":82,"column":6},"end":{"line":82,"column":13}},"45":{"start":{"line":86,"column":2},"end":{"line":96,"column":5}},"46":{"start":{"line":87,"column":4},"end":{"line":95,"column":7}},"47":{"start":{"line":88,"column":6},"end":{"line":90,"column":7}},"48":{"start":{"line":89,"column":8},"end":{"line":89,"column":20}},"49":{"start":{"line":92,"column":6},"end":{"line":92,"column":34}},"50":{"start":{"line":93,"column":6},"end":{"line":93,"column":47}},"51":{"start":{"line":94,"column":6},"end":{"line":94,"column":13}},"52":{"start":{"line":97,"column":2},"end":{"line":106,"column":5}},"53":{"start":{"line":98,"column":4},"end":{"line":105,"column":7}},"54":{"start":{"line":99,"column":6},"end":{"line":101,"column":7}},"55":{"start":{"line":100,"column":8},"end":{"line":100,"column":20}},"56":{"start":{"line":103,"column":6},"end":{"line":103,"column":34}},"57":{"start":{"line":104,"column":6},"end":{"line":104,"column":13}},"58":{"start":{"line":107,"column":2},"end":{"line":118,"column":5}},"59":{"start":{"line":108,"column":4},"end":{"line":117,"column":7}},"60":{"start":{"line":109,"column":6},"end":{"line":111,"column":7}},"61":{"start":{"line":110,"column":8},"end":{"line":110,"column":20}},"62":{"start":{"line":113,"column":6},"end":{"line":113,"column":34}},"63":{"start":{"line":114,"column":6},"end":{"line":114,"column":46}},"64":{"start":{"line":115,"column":6},"end":{"line":115,"column":47}},"65":{"start":{"line":116,"column":6},"end":{"line":116,"column":13}},"66":{"start":{"line":119,"column":2},"end":{"line":130,"column":5}},"67":{"start":{"line":120,"column":4},"end":{"line":129,"column":7}},"68":{"start":{"line":121,"column":6},"end":{"line":123,"column":7}},"69":{"start":{"line":122,"column":8},"end":{"line":122,"column":20}},"70":{"start":{"line":125,"column":6},"end":{"line":125,"column":34}},"71":{"start":{"line":126,"column":6},"end":{"line":126,"column":46}},"72":{"start":{"line":127,"column":6},"end":{"line":127,"column":47}},"73":{"start":{"line":128,"column":6},"end":{"line":128,"column":13}},"74":{"start":{"line":132,"column":2},"end":{"line":143,"column":5}},"75":{"start":{"line":133,"column":4},"end":{"line":142,"column":7}},"76":{"start":{"line":134,"column":6},"end":{"line":136,"column":7}},"77":{"start":{"line":135,"column":8},"end":{"line":135,"column":20}},"78":{"start":{"line":138,"column":6},"end":{"line":138,"column":34}},"79":{"start":{"line":139,"column":6},"end":{"line":139,"column":47}},"80":{"start":{"line":140,"column":6},"end":{"line":140,"column":53}},"81":{"start":{"line":141,"column":6},"end":{"line":141,"column":13}},"82":{"start":{"line":145,"column":2},"end":{"line":155,"column":5}},"83":{"start":{"line":146,"column":4},"end":{"line":154,"column":7}},"84":{"start":{"line":147,"column":6},"end":{"line":149,"column":7}},"85":{"start":{"line":148,"column":8},"end":{"line":148,"column":20}},"86":{"start":{"line":151,"column":6},"end":{"line":151,"column":34}},"87":{"start":{"line":152,"column":6},"end":{"line":152,"column":47}},"88":{"start":{"line":153,"column":6},"end":{"line":153,"column":13}},"89":{"start":{"line":157,"column":2},"end":{"line":169,"column":5}},"90":{"start":{"line":158,"column":4},"end":{"line":168,"column":7}},"91":{"start":{"line":159,"column":6},"end":{"line":161,"column":7}},"92":{"start":{"line":160,"column":8},"end":{"line":160,"column":20}},"93":{"start":{"line":163,"column":6},"end":{"line":163,"column":34}},"94":{"start":{"line":164,"column":6},"end":{"line":164,"column":46}},"95":{"start":{"line":165,"column":6},"end":{"line":165,"column":47}},"96":{"start":{"line":166,"column":6},"end":{"line":166,"column":44}},"97":{"start":{"line":167,"column":6},"end":{"line":167,"column":13}},"98":{"start":{"line":170,"column":2},"end":{"line":180,"column":5}},"99":{"start":{"line":171,"column":4},"end":{"line":179,"column":7}},"100":{"start":{"line":172,"column":6},"end":{"line":174,"column":7}},"101":{"start":{"line":173,"column":8},"end":{"line":173,"column":20}},"102":{"start":{"line":176,"column":6},"end":{"line":176,"column":34}},"103":{"start":{"line":177,"column":6},"end":{"line":177,"column":47}},"104":{"start":{"line":178,"column":6},"end":{"line":178,"column":13}}},"fnMap":{"0":{"name":"_interopRequireDefault","decl":{"start":{"line":13,"column":9},"end":{"line":13,"column":31}},"loc":{"start":{"line":13,"column":37},"end":{"line":13,"column":97}},"line":13},"1":{"name":"(anonymous_1)","decl":{"start":{"line":21,"column":20},"end":{"line":21,"column":21}},"loc":{"start":{"line":21,"column":32},"end":{"line":181,"column":1}},"line":21},"2":{"name":"(anonymous_2)","decl":{"start":{"line":22,"column":27},"end":{"line":22,"column":28}},"loc":{"start":{"line":22,"column":43},"end":{"line":31,"column":3}},"line":22},"3":{"name":"(anonymous_3)","decl":{"start":{"line":23,"column":134},"end":{"line":23,"column":135}},"loc":{"start":{"line":23,"column":154},"end":{"line":30,"column":5}},"line":23},"4":{"name":"(anonymous_4)","decl":{"start":{"line":33,"column":67},"end":{"line":33,"column":68}},"loc":{"start":{"line":33,"column":83},"end":{"line":46,"column":3}},"line":33},"5":{"name":"(anonymous_5)","decl":{"start":{"line":34,"column":170},"end":{"line":34,"column":171}},"loc":{"start":{"line":34,"column":192},"end":{"line":45,"column":5}},"line":34},"6":{"name":"(anonymous_6)","decl":{"start":{"line":48,"column":67},"end":{"line":48,"column":68}},"loc":{"start":{"line":48,"column":83},"end":{"line":61,"column":3}},"line":48},"7":{"name":"(anonymous_7)","decl":{"start":{"line":52,"column":11},"end":{"line":52,"column":12}},"loc":{"start":{"line":52,"column":33},"end":{"line":60,"column":5}},"line":52},"8":{"name":"(anonymous_8)","decl":{"start":{"line":63,"column":36},"end":{"line":63,"column":37}},"loc":{"start":{"line":63,"column":52},"end":{"line":72,"column":3}},"line":63},"9":{"name":"(anonymous_9)","decl":{"start":{"line":64,"column":117},"end":{"line":64,"column":118}},"loc":{"start":{"line":64,"column":139},"end":{"line":71,"column":5}},"line":64},"10":{"name":"(anonymous_10)","decl":{"start":{"line":74,"column":58},"end":{"line":74,"column":59}},"loc":{"start":{"line":74,"column":74},"end":{"line":84,"column":3}},"line":74},"11":{"name":"(anonymous_11)","decl":{"start":{"line":75,"column":179},"end":{"line":75,"column":180}},"loc":{"start":{"line":75,"column":201},"end":{"line":83,"column":5}},"line":75},"12":{"name":"(anonymous_12)","decl":{"start":{"line":86,"column":67},"end":{"line":86,"column":68}},"loc":{"start":{"line":86,"column":83},"end":{"line":96,"column":3}},"line":86},"13":{"name":"(anonymous_13)","decl":{"start":{"line":87,"column":145},"end":{"line":87,"column":146}},"loc":{"start":{"line":87,"column":167},"end":{"line":95,"column":5}},"line":87},"14":{"name":"(anonymous_14)","decl":{"start":{"line":97,"column":57},"end":{"line":97,"column":58}},"loc":{"start":{"line":97,"column":73},"end":{"line":106,"column":3}},"line":97},"15":{"name":"(anonymous_15)","decl":{"start":{"line":98,"column":144},"end":{"line":98,"column":145}},"loc":{"start":{"line":98,"column":166},"end":{"line":105,"column":5}},"line":98},"16":{"name":"(anonymous_16)","decl":{"start":{"line":107,"column":57},"end":{"line":107,"column":58}},"loc":{"start":{"line":107,"column":73},"end":{"line":118,"column":3}},"line":107},"17":{"name":"(anonymous_17)","decl":{"start":{"line":108,"column":167},"end":{"line":108,"column":168}},"loc":{"start":{"line":108,"column":189},"end":{"line":117,"column":5}},"line":108},"18":{"name":"(anonymous_18)","decl":{"start":{"line":119,"column":59},"end":{"line":119,"column":60}},"loc":{"start":{"line":119,"column":75},"end":{"line":130,"column":3}},"line":119},"19":{"name":"(anonymous_19)","decl":{"start":{"line":120,"column":162},"end":{"line":120,"column":163}},"loc":{"start":{"line":120,"column":184},"end":{"line":129,"column":5}},"line":120},"20":{"name":"(anonymous_20)","decl":{"start":{"line":132,"column":58},"end":{"line":132,"column":59}},"loc":{"start":{"line":132,"column":74},"end":{"line":143,"column":3}},"line":132},"21":{"name":"(anonymous_21)","decl":{"start":{"line":133,"column":169},"end":{"line":133,"column":170}},"loc":{"start":{"line":133,"column":191},"end":{"line":142,"column":5}},"line":133},"22":{"name":"(anonymous_22)","decl":{"start":{"line":145,"column":64},"end":{"line":145,"column":65}},"loc":{"start":{"line":145,"column":80},"end":{"line":155,"column":3}},"line":145},"23":{"name":"(anonymous_23)","decl":{"start":{"line":146,"column":153},"end":{"line":146,"column":154}},"loc":{"start":{"line":146,"column":175},"end":{"line":154,"column":5}},"line":146},"24":{"name":"(anonymous_24)","decl":{"start":{"line":157,"column":56},"end":{"line":157,"column":57}},"loc":{"start":{"line":157,"column":72},"end":{"line":169,"column":3}},"line":157},"25":{"name":"(anonymous_25)","decl":{"start":{"line":158,"column":173},"end":{"line":158,"column":174}},"loc":{"start":{"line":158,"column":195},"end":{"line":168,"column":5}},"line":158},"26":{"name":"(anonymous_26)","decl":{"start":{"line":170,"column":63},"end":{"line":170,"column":64}},"loc":{"start":{"line":170,"column":79},"end":{"line":180,"column":3}},"line":170},"27":{"name":"(anonymous_27)","decl":{"start":{"line":171,"column":158},"end":{"line":171,"column":159}},"loc":{"start":{"line":171,"column":180},"end":{"line":179,"column":5}},"line":171}},"branchMap":{"0":{"loc":{"start":{"line":13,"column":46},"end":{"line":13,"column":94}},"type":"cond-expr","locations":[{"start":{"line":13,"column":70},"end":{"line":13,"column":73}},{"start":{"line":13,"column":76},"end":{"line":13,"column":94}}],"line":13},"1":{"loc":{"start":{"line":13,"column":46},"end":{"line":13,"column":67}},"type":"binary-expr","locations":[{"start":{"line":13,"column":46},"end":{"line":13,"column":49}},{"start":{"line":13,"column":53},"end":{"line":13,"column":67}}],"line":13},"2":{"loc":{"start":{"line":24,"column":6},"end":{"line":26,"column":7}},"type":"if","locations":[{"start":{"line":24,"column":6},"end":{"line":26,"column":7}},{"start":{"line":24,"column":6},"end":{"line":26,"column":7}}],"line":24},"3":{"loc":{"start":{"line":35,"column":6},"end":{"line":37,"column":7}},"type":"if","locations":[{"start":{"line":35,"column":6},"end":{"line":37,"column":7}},{"start":{"line":35,"column":6},"end":{"line":37,"column":7}}],"line":35},"4":{"loc":{"start":{"line":53,"column":6},"end":{"line":55,"column":7}},"type":"if","locations":[{"start":{"line":53,"column":6},"end":{"line":55,"column":7}},{"start":{"line":53,"column":6},"end":{"line":55,"column":7}}],"line":53},"5":{"loc":{"start":{"line":65,"column":6},"end":{"line":67,"column":7}},"type":"if","locations":[{"start":{"line":65,"column":6},"end":{"line":67,"column":7}},{"start":{"line":65,"column":6},"end":{"line":67,"column":7}}],"line":65},"6":{"loc":{"start":{"line":76,"column":6},"end":{"line":78,"column":7}},"type":"if","locations":[{"start":{"line":76,"column":6},"end":{"line":78,"column":7}},{"start":{"line":76,"column":6},"end":{"line":78,"column":7}}],"line":76},"7":{"loc":{"start":{"line":88,"column":6},"end":{"line":90,"column":7}},"type":"if","locations":[{"start":{"line":88,"column":6},"end":{"line":90,"column":7}},{"start":{"line":88,"column":6},"end":{"line":90,"column":7}}],"line":88},"8":{"loc":{"start":{"line":99,"column":6},"end":{"line":101,"column":7}},"type":"if","locations":[{"start
[...]
:172}},"s":{"0":1,"1":1,"2":1,"3":1,"4":1,"5":3,"6":1,"7":1,"8":1,"9":1,"10":1,"11":1,"12":0,"13":1,"14":1,"15":1,"16":1,"17":1,"18":0,"19":1,"20":1,"21":1,"22":1,"23":1,"24":1,"25":1,"26":1,"27":1,"28":0,"29":1,"30":1,"31":1,"32":1,"33":1,"34":1,"35":0,"36":1,"37":1,"38":1,"39":1,"40":1,"41":0,"42":1,"43":1,"44":1,"45":1,"46":1,"47":1,"48":0,"49":1,"50":1,"51":1,"52":1,"53":1,"54":1,"55":0,"56":1,"57":1,"58":1,"59":1,"60":1,"61":0,"62":1,"63":1,"64":1,"65":1,"66":1,"67":1,"68":1,"69":0,"70":1,"71":1,"72":1,"73":1,"74":1,"75":1,"76":1,"77":0,"78":1,"79":1,"80":1,"81":1,"82":1,"83":1,"84":1,"85":0,"86":1,"87":1,"88":1,"89":1,"90":1,"91":1,"92":0,"93":1,"94":1,"95":1,"96":1,"97":1,"98":1,"99":1,"100":1,"101":0,"102":1,"103":1,"104":1},"f":{"0":3,"1":1,"2":1,"3":1,"4":1,"5":1,"6":1,"7":1,"8":1,"9":1,"10":1,"11":1,"12":1,"13":1,"14":1,"15":1,"16":1,"17":1,"18":1,"19":1,"20":1,"21":1,"22":1,"23":1,"24":1,"25":1,"26":1,"27":1},"b":{"0":[1,2],"1":[3,3],"2":[0,1],"3":[0,1],"4":[0,1],"5":[0,1],"6":[0,1],"7":[0,1],"8":[0,1],"9":[0,1],"10":[0,1],"11":[0,1],"12":[0,1],"13":[0,1],"14":[0,1]},"_coverageSchema":"43e27e138ebf9cfc5966b082cf9a028302ed4184","hash":"9b6aa1c507716418bda60ffdfe0f4faa4b112ef7","contentHash":"41df0b89c75c4115d0ddfe759937e1a024a10d98d32ea5c67b05b53752b355f1"},"D:\\Project\\Banka\\server\\test\\3-transactions.js":{"path":"D:\\Project\\Banka\\server\\test\\3-transactions.js","statementMap":{"0":{"start":{"line":3,"column":12},"end":{"line":3,"column":51}},"1":{"start":{"line":5,"column":16},"end":{"line":5,"column":60}},"2":{"start":{"line":7,"column":13},"end":{"line":7,"column":56}},"3":{"start":{"line":9,"column":13},"end":{"line":9,"column":42}},"4":{"start":{"line":11,"column":16},"end":{"line":11,"column":48}},"5":{"start":{"line":13,"column":20},"end":{"line":13,"column":56}},"6":{"start":{"line":15,"column":39},"end":{"line":15,"column":95}},"7":{"start":{"line":17,"column":0},"end":{"line":17,"column":43}},"8":{"start":{"line":19,"column":0},"end":{"line":19,"column":26}},"9":{"start":{"line":24,"column":0},"end":{"line":198,"column":3}},"10":{"start":{"line":25,"column":2},"end":{"line":34,"column":5}},"11":{"start":{"line":26,"column":4},"end":{"line":33,"column":7}},"12":{"start":{"line":27,"column":6},"end":{"line":29,"column":7}},"13":{"start":{"line":28,"column":8},"end":{"line":28,"column":25}},"14":{"start":{"line":31,"column":6},"end":{"line":31,"column":47}},"15":{"start":{"line":32,"column":6},"end":{"line":32,"column":13}},"16":{"start":{"line":36,"column":2},"end":{"line":45,"column":5}},"17":{"start":{"line":37,"column":4},"end":{"line":44,"column":7}},"18":{"start":{"line":38,"column":6},"end":{"line":40,"column":7}},"19":{"start":{"line":39,"column":8},"end":{"line":39,"column":20}},"20":{"start":{"line":42,"column":6},"end":{"line":42,"column":50}},"21":{"start":{"line":43,"column":6},"end":{"line":43,"column":13}},"22":{"start":{"line":46,"column":2},"end":{"line":57,"column":5}},"23":{"start":{"line":47,"column":4},"end":{"line":56,"column":7}},"24":{"start":{"line":48,"column":6},"end":{"line":50,"column":7}},"25":{"start":{"line":49,"column":8},"end":{"line":49,"column":20}},"26":{"start":{"line":52,"column":6},"end":{"line":52,"column":34}},"27":{"start":{"line":53,"column":6},"end":{"line":53,"column":46}},"28":{"start":{"line":54,"column":6},"end":{"line":54,"column":45}},"29":{"start":{"line":55,"column":6},"end":{"line":55,"column":13}},"30":{"start":{"line":58,"column":2},"end":{"line":71,"column":5}},"31":{"start":{"line":59,"column":4},"end":{"line":70,"column":7}},"32":{"start":{"line":62,"column":6},"end":{"line":64,"column":7}},"33":{"start":{"line":63,"column":8},"end":{"line":63,"column":20}},"34":{"start":{"line":66,"column":6},"end":{"line":66,"column":34}},"35":{"start":{"line":67,"column":6},"end":{"line":67,"column":46}},"36":{"start":{"line":68,"column":6},"end":{"line":68,"column":47}},"37":{"start":{"line":69,"column":6},"end":{"line":69,"column":13}},"38":{"start":{"line":72,"column":2},"end":{"line":83,"column":5}},"39":{"start":{"line":73,"column":4},"end":{"line":82,"column":7}},"40":{"start":{"line":74,"column":6},"end":{"line":76,"column":7}},"41":{"start":{"line":75,"column":8},"end":{"line":75,"column":20}},"42":{"start":{"line":78,"column":6},"end":{"line":78,"column":34}},"43":{"start":{"line":79,"column":6},"end":{"line":79,"column":46}},"44":{"start":{"line":80,"column":6},"end":{"line":80,"column":45}},"45":{"start":{"line":81,"column":6},"end":{"line":81,"column":13}},"46":{"start":{"line":84,"column":2},"end":{"line":94,"column":5}},"47":{"start":{"line":85,"column":4},"end":{"line":93,"column":7}},"48":{"start":{"line":86,"column":6},"end":{"line":88,"column":7}},"49":{"start":{"line":87,"column":8},"end":{"line":87,"column":20}},"50":{"start":{"line":90,"column":6},"end":{"line":90,"column":34}},"51":{"start":{"line":91,"column":6},"end":{"line":91,"column":45}},"52":{"start":{"line":92,"column":6},"end":{"line":92,"column":13}},"53":{"start":{"line":95,"column":2},"end":{"line":104,"column":5}},"54":{"start":{"line":96,"column":4},"end":{"line":103,"column":7}},"55":{"start":{"line":97,"column":6},"end":{"line":99,"column":7}},"56":{"start":{"line":98,"column":8},"end":{"line":98,"column":20}},"57":{"start":{"line":101,"column":6},"end":{"line":101,"column":48}},"58":{"start":{"line":102,"column":6},"end":{"line":102,"column":13}},"59":{"start":{"line":105,"column":2},"end":{"line":118,"column":5}},"60":{"start":{"line":106,"column":4},"end":{"line":117,"column":7}},"61":{"start":{"line":109,"column":6},"end":{"line":111,"column":7}},"62":{"start":{"line":110,"column":8},"end":{"line":110,"column":20}},"63":{"start":{"line":113,"column":6},"end":{"line":113,"column":34}},"64":{"start":{"line":114,"column":6},"end":{"line":114,"column":46}},"65":{"start":{"line":115,"column":6},"end":{"line":115,"column":45}},"66":{"start":{"line":116,"column":6},"end":{"line":116,"column":13}},"67":{"start":{"line":120,"column":2},"end":{"line":131,"column":5}},"68":{"start":{"line":121,"column":4},"end":{"line":130,"column":7}},"69":{"start":{"line":122,"column":6},"end":{"line":124,"column":7}},"70":{"start":{"line":123,"column":8},"end":{"line":123,"column":20}},"71":{"start":{"line":126,"column":6},"end":{"line":126,"column":34}},"72":{"start":{"line":127,"column":6},"end":{"line":127,"column":46}},"73":{"start":{"line":128,"column":6},"end":{"line":128,"column":45}},"74":{"start":{"line":129,"column":6},"end":{"line":129,"column":13}},"75":{"start":{"line":132,"column":2},"end":{"line":143,"column":5}},"76":{"start":{"line":133,"column":4},"end":{"line":142,"column":7}},"77":{"start":{"line":134,"column":6},"end":{"line":136,"column":7}},"78":{"start":{"line":135,"column":8},"end":{"line":135,"column":20}},"79":{"start":{"line":138,"column":6},"end":{"line":138,"column":34}},"80":{"start":{"line":139,"column":6},"end":{"line":139,"column":46}},"81":{"start":{"line":140,"column":6},"end":{"line":140,"column":47}},"82":{"start":{"line":141,"column":6},"end":{"line":141,"column":13}},"83":{"start":{"line":145,"column":2},"end":{"line":156,"column":5}},"84":{"start":{"line":146,"column":4},"end":{"line":155,"column":7}},"85":{"start":{"line":147,"column":6},"end":{"line":149,"column":7}},"86":{"start":{"line":148,"column":8},"end":{"line":148,"column":20}},"87":{"start":{"line":151,"column":6},"end":{"line":151,"column":34}},"88":{"start":{"line":152,"column":6},"end":{"line":152,"column":46}},"89":{"start":{"line":153,"column":6},"end":{"line":153,"column":47}},"90":{"start":{"line":154,"column":6},"end":{"line":154,"column":13}},"91":{"start":{"line":157,"column":2},"end":{"line":170,"column":5}},"92":{"start":{"line":158,"column":4},"end":{"line":169,"column":7}},"93":{"start":{"line":161,"column":6},"end":{"line":163,"column":7}},"94":{"start":{"line":162,"column":8},"end":{"line":162,"column":20}},"95":{"start":{"line":165,"column":6},"end":{"line":165,"column":34}},"96":{"start":{"line":166,"column":6},"end":{"line":166,"column":46}},"97":{"start":{"line":167,"column":6},"end":{"line":167,"column":45}},"98":{"start":{"line":168,"column":6},"end":{"line":168,"column":13}},"99":{"start":{"line":171,"column":2},"end":{"line":184,"column":5}},"100":{"start":{"line":172,"column":4},"end":{"line":183,"column":7}},"101":{"start":{"line":175,"column":6},"end":{"line":177,"column":7}},"102":{"start":{"line":176,"column":8},"end":{"line":176,"column":20}},"103":{"start":{"line":179,"column":6},"end":{"line":179,"column":34}},"104":{"start":{"line":180,"column":6},"end":{"line":180,"column":46}},"105":{"start":{"line":181,"column":6},"end":{"line":181,"column":47}},"106":{"start":{"line":182,"column":6},"end":{"line":182,"column":13}},"107":{"start":{"line":185,"column":2},"end":{"line":197,"column":5}},"108":{"start":{"line":186,"column":4},"end":{"line":196,"column":7}},"109":{"start":{"line":189,"column":6},"end":{"line":191,"column":7}},"110":{"start":{"line":190,"column":8},"end":{"line":190,"column":20}},"111":{"start":{"line":193,"column":6},"end":{"line":193,"column":34}},"112":{"start":{"line":194,"column":6},"end":{"line":194,"column":47}},"113":{"start":{"line":195,"column":6},"end":{"line":195,"column":13}}},"fnMap":{"0":{"name":"_interopRequireDefault","decl":{"start":{"line":15,"column":9},"end":{"line":15,"column":31}},"loc":{"start":{"line":15,"column":37},"end":{"line":15,"column":97}},"line":15},"1":{"name":"(anonymous_1)","decl":{"start":{"line":24,"column":24},"end":{"line":24,"column":25}},"loc":{"start":{"line":24,"column":36},"end":{"line":198,"column":1}},"line":24},"2":{"name":"(anonymous_2)","decl":{"start":{"line":25,"column":28},"end":{"line":25,"column":29}},"loc":{"start":{"line":25,"column":44},"end":{"line":34,"column":3}},"line":25},"3":{"name":"(anonymous_3)","decl":{"start":{"line":26,"column":134},"end":{"line":26,"column":135}},"loc":{"start":{"line":26,"column":154},"end":{"line":33,"column":5}},"line":26},"4":{"name":"(anonymous_4)","decl":{"start":{"line":36,"column":36},"end":{"line":36,"column":37}},"loc":{"start":{"line":36,"column":52},"end":{"line":45,"column":3}},"line":36},"5":{"name":"(anonymous_5)","decl":{"start":{"line":37,"column":170},"end":{"line":37,"column":171}},"loc":{"start":{"line":37,"column":192},"end":{"line":44,"column":5}},"line":37},"6":{"name":"(anonymous_6)","decl":{"start":{"line":46,"column":65},"end":{"line":46,"column":66}},"loc":{"start":{"line":46,"column":81},"end":{"line":57,"column":3}},"line":46},"7":{"name":"(anonymous_7)","decl":{"start":{"line":47,"column":207},"end":{"line":47,"column":208}},"loc":{"start":{"line":47,"column":229},"end":{"line":56,"column":5}},"line":47},"8":{"name":"(anonymous_8)","decl":{"start":{"line":58,"column":32},"end":{"line":58,"column":33}},"loc":{"start":{"line":58,"column":48},"end":{"line":71,"column":3}},"line":58},"9":{"name":"(anonymous_9)","decl":{"start":{"line":61,"column":11},"end":{"line":61,"column":12}},"loc":{"start":{"line":61,"column":33},"end":{"line":70,"column":5}},"line":61},"10":{"name":"(anonymous_10)","decl":{"start":{"line":72,"column":74},"end":{"line":72,"column":75}},"loc":{"start":{"line":72,"column":90},"end":{"line":83,"column":3}},"line":72},"11":{"name":"(anonymous_11)","decl":{"start":{"line":73,"column":188},"end":{"line":73,"column":189}},"loc":{"start":{"line":73,"column":210},"end":{"line":82,"column":5}},"line":73},"12":{"name":"(anonymous_12)","decl":{"start":{"line":84,"column":61},"end":{"line":84,"column":62}},"loc":{"start":{"line":84,"column":77},"end":{"line":94,"column":3}},"line":84},"13":{"name":"(anonymous_13)","decl":{"start":{"line":85,"column":160},"end":{"line":85,"column":161}},"loc":{"start":{"line":85,"column":182},"end":{"line":93,"column":5}},"line":85},"14":{"name":"(anonymous_14)","decl":{"start":{"line":95,"column":52},"end":{"line":95,"column":53}},"loc":{"start":{"line":95,"column":68},"end":{"line":104,"column":3}},"line":95},"15":{"name":"(anonymous_15)","decl":{"start":{"line":96,"column":136},"end":{"line":96,"column":137}},"loc":{"start":{"line":96,"column":158},"end":{"line":103,"column":5}},"line":96},"16":{"name":"(anonymous_16)","decl":{"start":{"line":105,"column":59},"end":{"line":105,"column":60}},"loc":{"start":{"line":105,"column":75},"end":{"line":118,"column":3}},"line":105},"17":{"name":"(anonymous_17)","decl":{"start":{"line":108,"column":11},"end":{"line":108,"column":12}},"loc":{"start":{"line":108,"column":33},"end":{"line":117,"column":5}},"line":108},"18":{"name":"(anonymous_18)","decl":{"start":{"line":120,"column":51},"end":{"line":120,"column":52}},"loc":{"start":{"line":120,"column":67},"end":{"line":131,"column":3}},"line":120},"19":{"name":"(anonymous_19)","decl":{"start":{"line":121,"column":191},"end":{"line":121,"column":192}},"loc":{"start":{"line":121,"column":213},"end":{"line":130,"column":5}},"line":121},"20":{"name":"(anonymous_20)","decl":{"start":{"line":132,"column":70},"end":{"line":132,"column":71}},"loc":{"start":{"line":132,"column":86},"end":{"line":143,"column":3}},"line":132},"21":{"name":"(anonymous_21)","decl":{"start":{"line":133,"column":208},"end":{"line":133,"column":209}},"loc":{"start":{"line":133,"column":230},"end":{"line":142,"column":5}},"line":133},"22":{"name":"(anonymous_22)","decl":{"start":{"line":145,"column":70},"end":{"line":145,"column":71}},"loc":{"start":{"line":145,"column":86},"end":{"line":156,"column":3}},"line":145},"23":{"name":"(anonymous_23)","decl":{"start":{"line":146,"column":208},"end":{"line":146,"column":209}},"loc":{"start":{"line":146,"column":230},"end":{"line":155,"column":5}},"line":146},"24":{"name":"(anonymous_24)","decl":{"start":{"line":157,"column":81},"end":{"line":157,"column":82}},"loc":{"start":{"line":157,"column":97},"end":{"line":170,"column":3}},"line":157},"25":{"name":"(anonymous_25)","decl":{"start":{"line":160,"column":11},"end":{"line":160,"column":12}},"loc":{"start":{"line":160,"column":33},"end":{"line":169,"column":5}},"line":160},"26":{"name":"(anonymous_26)","decl":{"start":{"line":171,"column":78},"end":{"line":171,"column":79}},"loc":{"start":{"line":171,"column":94},"end":{"line":184,"column":3}},"line":171},"27":{"name":"(anonymous_27)","decl":{"start":{"line":174,"column":11},"end":{"line":174,"column":12}},"loc":{"start":{"line":174,"column":33},"end":{"line":183,"column":5}},"line":174},"28":{"name":"(anonymous_28)","decl":{"start":{"line":185,"column":77},"end":{"line":185,"column":78}},"loc":{"start":{"line":185,"column":93},"end":{"line":197,"column":3}},"line":185},"29":{"name":"(anonymous_29)","decl":{"start":{"line":188,"column":11},"end":{"line":188,"column":12}},"loc":{"start":{"line":188,"column":33},"end":{"line":196,"column":5}},"line":188}},"branchMap":{"0":{"loc":{"start":{"line":15,"column":46},"end":{"line":15,"column":94}},"type":"cond-expr","locations":[{"start":{"line":15,"column":70},"end":{"line":15,"column":73}},{"start":{"line":15,"column":76},"end":{"line":15,"column":94}}],"line":15},"1":{"loc":{"start":{"line":15,"column":46},"end":{"line":15,"column":67}},"type":"binary-expr","locations":[{"start":{"line":15,"column":46},"end":{"line":15,"column":49}},{"start":{"line":15,"column":53},"end":{"line":15,"column":67}}],"line":15},"2":{"loc":{"start":{"line":27,"column":6},"end":{"line":29,"column":7}},"type":"if","locations":[{"start":{"line":27,"column":6},"end":{"line":29,"column":7}},{"start":{"line":27,"column":6},"end":{"line":29,"column":7}}],"line":27},"3":{"loc":{"start":{"line":38,"column":6},"end":{"line":40,"column":7}},"type":"if","locations":[{"start":{"line":38,"column":6},"end":{"line":40,"column":7}},{"start":{"line":38,"column":6},"end":{"line":40,"column":7}}],"line":38},"4":{"loc":{"start":{"line":48,"column":6},"end":{"line":50,"column":7}},"type":"if","locations":[{"start":{"line":48,"column":6},"end":{"line":50,"column":7}},{"start":{"line":48,"column":6},"end":{"line":50,"column":7}}],"line":48},"5":{"loc":{"start":{"line":62,"column":6},"end":{"line":64,"column":7}},"type":"if","locations":[{"start":{"line":62,"column":6},"end":{"line":64,"column":7}},{"start":{"line":62,"column":6},"end":{"line":64,"column":7}}],"line":62},"6":{"loc":{"start":{"line":74,"column":6},"end":{"line":76,"column":7}},"type":"if","locations":[{"start":{"line":74,"column":6},"end":{"line":76,"column":7}},{"start":{"line":74,"column":6},"end":{"line":76,"column":7}}],"line":74},"7":{"loc":{"start":{"line":86,"column":6},"end":{"line":88,"column":7}},"type":"if","locations":[{"start":{"line":86,"column":6},"end":{"line":88,"column":7}},{"start":{"line":86,"column":6},"end":{"line":88,"column":7}}],"line":86},"8":{"loc":{"start":{"line":97,"column":6},"end":{"line":99,"column":7}},"type":"if","locations":[{"start":{"line":97,"column":6},"end":{"line":99,"column":7}},{"start":{"line":97,"column":6},"end":{"line":99,"column":7}}],"line":97},"9":{"loc":{"start":{"line":109,"column":6},"end":{"line":111,"column":7}},"type":"if","locations":[{"start":{"line":109,"column":6},"end":{"line":111,"column":7}},{"start":{"line":109,"column":6},"end":{"line":111,"column":7}}],"line":109},"10":{"loc":{"start":{"line":122,"column":6},"end":{"line":124,"column":7}},"type":"if","locations":[{"start":{"line":122,"column":6},"end":{"line":124,"column":7}},{"start":{"line":122,"column":6},"end":{"line":124,"column":7}}],"line":122},"11":{"loc":{"start":{"line":134,"column":6},"end":{"line":136,"column":7}},"type":"if","locations":[{"start":{"line":134,"column":6},"end":{"line":136,"column":7}},{"start":{"line":134,"column":6},"end":{"line":136,"column":7}}],"line":134},"12":{"loc":{"start":{"line":147,"column":6},"end":{"line":149,"column":7}},"type":"if","locations":[{"start":{"line":147,"column":6},"end":{"line":149,"column":7}},{"start":{"line":147,"column":6},"end":{"line":149,"column":7}}],"line":147},"13":{"loc":{"start":{"line":161,"column":6},"end":{"line":163,"column":7}},"type":"if","locations":[{"start":{"line":161,"column":6},"end":{"line":163,"column":7}},{"start":{"line":161,"column":6},"end":{"line":163,"column":7}}],"line":161},"14":{"loc":{"start":{"line":175,"column":6},"end":{"line":177,"column":7}},"type":"if","locations":[{"start":{"line":175,"column":6},"end":{"line":177,"column":7}},{"start":{"line":175,"column":6},"end":{"line":177,"column":7}}],"line":175},"15":{"loc":{"start":{"line":189,"column":6},"end":{"line":191,"column":7}},"type":"if","locations":[{"start":{"line":189,"column":6},"end":{"line":191,"column":7}},{"start":{"line":189,"column":6},"end":{"line":191,"column":7}}],"line":189}},"s":{"0":1,"1":1,"2":1,"3":1,"4":1,"5":1,"6":3,"7":1,"8":1,"9":1,"10":1,"11":1,"12":1,"13":0,"14":1,"15":1,"16":1,"17":1,"18":1,"19":0,"20":1,"21":1,"22":1,"23":1,"24":1,"25":0,"26":1,"27":1,"28":1,"29":1,"30":1,"31":1,"32":1,"33":0,"34":1,"35":1,"36":1,"37":1,"38":1,"39":1,"40":1,"41":0,"42":1,"43":1,"44":1,"45":1,"46":1,"47":1,"48":1,"49":0,"50":1,"51":1,"52":1,"53":1,"54":1,"55":1,"56":0,"57":1,"58":1,"59":1,"60":1,"61":1,"62":0,"63":1,"64":1,"65":1,"66":1,"67":1,"68":1,"69":1,"70":0,"71":1,"72":1,"73":1,"74":1,"75":1,"76":1,"77":1,"78":0,"79":1,"80":1,"81":1,"82":1,"83":1,"84":1,"85":1,"86":0,"87":1,"88":1,"89":1,"90":1,"91":1,"92":1,"93":1,"94":0,"95":1,"96":1,"97":1,"98":1,"99":1,"100":1,"101":1,"102":0,"103":1,"104":1,"105":1,"106":1,"107":1,"108":1,"109":1,"110":0,"111":1,"112":1,"113":1},"f":{"0":3,"1":1,"2":1,"3":1,"4":1,"5":1,"6":1,"7":1,"8":1,"9":1,"10":1,"11":1,"12":1,"13":1,"14":1,"15":1,"16":1,"17":1,"18":1,"19":1,"20":1,"21":1,"22":1,"23":1,"24":1,"25":1,"26":1,"27":1,"28":1,"29":1},"b":{"0":[1,2],"1":[3,3],"2":[0,1],"3":[0,1],"4":[0,1],"5":[0,1],"6":[0,1],"7":[0,1],"8":[0,1],"9":[0,1],"10":[0,1],"11":[0,1],"12":[0,1],"13":[0,1],"14":[0,1],"15":[0,1]},"_coverageSchema":"43e27e138ebf9cfc5966b082cf9a028302ed4184","hash":"c7d3712d7b9df789eb6abaa743334d7eba1e8715","contentHash":"57c34b5cf3b6df929589028735e7abf27edbf6d390244dcb6118f07a10e0567b"}}